2022/02/16 14:27:35 main.go:14: TEST
2022/02/16 22:28:48 user.go:27: sql: converting argument $1 type: unsupported type func() uuid.UUID, a func
2022/02/16 22:30:44 user.go:27: sql: converting argument $1 type: unsupported type func() uuid.UUID, a func
2022/02/16 22:31:37 user.go:27: sql: converting argument $1 type: unsupported type func() uuid.UUID, a func
2022/02/17 02:18:16 todo.go:20: near ")": syntax error
2022/02/17 04:06:25 todo.go:55: [] {0  0 0001-01-01 00:00:00 +0000 UTC}
2022/02/17 04:07:13 todo.go:55: [] {0  0 0001-01-01 00:00:00 +0000 UTC}
2022/02/17 04:12:38 todo.go:55: [] {0  0 0001-01-01 00:00:00 +0000 UTC}
2022/02/18 09:59:08 server.go:3159: http: panic serving 127.0.0.1:61039: runtime error: invalid memory address or nil pointer dereference
goroutine 36 [running]:
net/http.(*conn).serve.func1()
	/usr/local/Cellar/go/1.17.2/libexec/src/net/http/server.go:1801 +0xb9
panic({0x443dae0, 0x472c1c0})
	/usr/local/Cellar/go/1.17.2/libexec/src/runtime/panic.go:1047 +0x266
text/template.errRecover(0xc000137968)
	/usr/local/Cellar/go/1.17.2/libexec/src/text/template/exec.go:163 +0x15b
panic({0x443dae0, 0x472c1c0})
	/usr/local/Cellar/go/1.17.2/libexec/src/runtime/panic.go:1038 +0x215
text/template.(*Template).execute(0x0, {0x44f9300, 0xc00018e0e0}, {0x0, 0x0})
	/usr/local/Cellar/go/1.17.2/libexec/src/text/template/exec.go:214 +0x239
text/template.(*Template).Execute(...)
	/usr/local/Cellar/go/1.17.2/libexec/src/text/template/exec.go:200
main/app/controllers.top({0x44ffa98, 0xc00018e0e0}, 0x0)
	/Users/at/go/src/todo_app/app/controllers/route_main.go:10 +0x87
net/http.HandlerFunc.ServeHTTP(0x4, {0x44ffa98, 0xc00018e0e0}, 0x4842a68)
	/usr/local/Cellar/go/1.17.2/libexec/src/net/http/server.go:2046 +0x2f
net/http.(*ServeMux).ServeHTTP(0x0, {0x44ffa98, 0xc00018e0e0}, 0xc00017c100)
	/usr/local/Cellar/go/1.17.2/libexec/src/net/http/server.go:2424 +0x149
net/http.serverHandler.ServeHTTP({0xc0001133b0}, {0x44ffa98, 0xc00018e0e0}, 0xc00017c100)
	/usr/local/Cellar/go/1.17.2/libexec/src/net/http/server.go:2878 +0x43b
net/http.(*conn).serve(0xc00012ee60, {0x4501280, 0xc0001132c0})
	/usr/local/Cellar/go/1.17.2/libexec/src/net/http/server.go:1929 +0xb08
created by net/http.(*Server).Serve
	/usr/local/Cellar/go/1.17.2/libexec/src/net/http/server.go:3033 +0x4e8
2022/02/18 09:59:09 server.go:3159: http: panic serving 127.0.0.1:61042: runtime error: invalid memory address or nil pointer dereference
goroutine 38 [running]:
net/http.(*conn).serve.func1()
	/usr/local/Cellar/go/1.17.2/libexec/src/net/http/server.go:1801 +0xb9
panic({0x443dae0, 0x472c1c0})
	/usr/local/Cellar/go/1.17.2/libexec/src/runtime/panic.go:1047 +0x266
text/template.errRecover(0xc000050968)
	/usr/local/Cellar/go/1.17.2/libexec/src/text/template/exec.go:163 +0x15b
panic({0x443dae0, 0x472c1c0})
	/usr/local/Cellar/go/1.17.2/libexec/src/runtime/panic.go:1038 +0x215
text/template.(*Template).execute(0x0, {0x44f9300, 0xc00018e1c0}, {0x0, 0x0})
	/usr/local/Cellar/go/1.17.2/libexec/src/text/template/exec.go:214 +0x239
text/template.(*Template).Execute(...)
	/usr/local/Cellar/go/1.17.2/libexec/src/text/template/exec.go:200
main/app/controllers.top({0x44ffa98, 0xc00018e1c0}, 0x0)
	/Users/at/go/src/todo_app/app/controllers/route_main.go:10 +0x87
net/http.HandlerFunc.ServeHTTP(0x0, {0x44ffa98, 0xc00018e1c0}, 0x0)
	/usr/local/Cellar/go/1.17.2/libexec/src/net/http/server.go:2046 +0x2f
net/http.(*ServeMux).ServeHTTP(0x0, {0x44ffa98, 0xc00018e1c0}, 0xc00017c300)
	/usr/local/Cellar/go/1.17.2/libexec/src/net/http/server.go:2424 +0x149
net/http.serverHandler.ServeHTTP({0xc0001135c0}, {0x44ffa98, 0xc00018e1c0}, 0xc00017c300)
	/usr/local/Cellar/go/1.17.2/libexec/src/net/http/server.go:2878 +0x43b
net/http.(*conn).serve(0xc00012ef00, {0x4501280, 0xc0001132c0})
	/usr/local/Cellar/go/1.17.2/libexec/src/net/http/server.go:1929 +0xb08
created by net/http.(*Server).Serve
	/usr/local/Cellar/go/1.17.2/libexec/src/net/http/server.go:3033 +0x4e8
2022/02/18 09:59:14 server.go:3159: http: panic serving 127.0.0.1:61043: runtime error: invalid memory address or nil pointer dereference
goroutine 20 [running]:
net/http.(*conn).serve.func1()
	/usr/local/Cellar/go/1.17.2/libexec/src/net/http/server.go:1801 +0xb9
panic({0x443dae0, 0x472c1c0})
	/usr/local/Cellar/go/1.17.2/libexec/src/runtime/panic.go:1047 +0x266
text/template.errRecover(0xc0000a6968)
	/usr/local/Cellar/go/1.17.2/libexec/src/text/template/exec.go:163 +0x15b
panic({0x443dae0, 0x472c1c0})
	/usr/local/Cellar/go/1.17.2/libexec/src/runtime/panic.go:1038 +0x215
text/template.(*Template).execute(0x0, {0x44f9300, 0xc0000c4000}, {0x0, 0x0})
	/usr/local/Cellar/go/1.17.2/libexec/src/text/template/exec.go:214 +0x239
text/template.(*Template).Execute(...)
	/usr/local/Cellar/go/1.17.2/libexec/src/text/template/exec.go:200
main/app/controllers.top({0x44ffa98, 0xc0000c4000}, 0x0)
	/Users/at/go/src/todo_app/app/controllers/route_main.go:10 +0x87
net/http.HandlerFunc.ServeHTTP(0x0, {0x44ffa98, 0xc0000c4000}, 0x0)
	/usr/local/Cellar/go/1.17.2/libexec/src/net/http/server.go:2046 +0x2f
net/http.(*ServeMux).ServeHTTP(0x0, {0x44ffa98, 0xc0000c4000}, 0xc0000b0000)
	/usr/local/Cellar/go/1.17.2/libexec/src/net/http/server.go:2424 +0x149
net/http.serverHandler.ServeHTTP({0xc00009a090}, {0x44ffa98, 0xc0000c4000}, 0xc0000b0000)
	/usr/local/Cellar/go/1.17.2/libexec/src/net/http/server.go:2878 +0x43b
net/http.(*conn).serve(0xc00009e000, {0x4501280, 0xc0001132c0})
	/usr/local/Cellar/go/1.17.2/libexec/src/net/http/server.go:1929 +0xb08
created by net/http.(*Server).Serve
	/usr/local/Cellar/go/1.17.2/libexec/src/net/http/server.go:3033 +0x4e8
2022/02/18 09:59:19 server.go:3159: http: panic serving 127.0.0.1:61044: runtime error: invalid memory address or nil pointer dereference
goroutine 3 [running]:
net/http.(*conn).serve.func1()
	/usr/local/Cellar/go/1.17.2/libexec/src/net/http/server.go:1801 +0xb9
panic({0x443dae0, 0x472c1c0})
	/usr/local/Cellar/go/1.17.2/libexec/src/runtime/panic.go:1047 +0x266
text/template.errRecover(0xc000056968)
	/usr/local/Cellar/go/1.17.2/libexec/src/text/template/exec.go:163 +0x15b
panic({0x443dae0, 0x472c1c0})
	/usr/local/Cellar/go/1.17.2/libexec/src/runtime/panic.go:1038 +0x215
text/template.(*Template).execute(0x0, {0x44f9300, 0xc0000c40e0}, {0x0, 0x0})
	/usr/local/Cellar/go/1.17.2/libexec/src/text/template/exec.go:214 +0x239
text/template.(*Template).Execute(...)
	/usr/local/Cellar/go/1.17.2/libexec/src/text/template/exec.go:200
main/app/controllers.top({0x44ffa98, 0xc0000c40e0}, 0x0)
	/Users/at/go/src/todo_app/app/controllers/route_main.go:10 +0x87
net/http.HandlerFunc.ServeHTTP(0x0, {0x44ffa98, 0xc0000c40e0}, 0x0)
	/usr/local/Cellar/go/1.17.2/libexec/src/net/http/server.go:2046 +0x2f
net/http.(*ServeMux).ServeHTTP(0x0, {0x44ffa98, 0xc0000c40e0}, 0xc00007c000)
	/usr/local/Cellar/go/1.17.2/libexec/src/net/http/server.go:2424 +0x149
net/http.serverHandler.ServeHTTP({0xc000076090}, {0x44ffa98, 0xc0000c40e0}, 0xc00007c000)
	/usr/local/Cellar/go/1.17.2/libexec/src/net/http/server.go:2878 +0x43b
net/http.(*conn).serve(0xc000078000, {0x4501280, 0xc0001132c0})
	/usr/local/Cellar/go/1.17.2/libexec/src/net/http/server.go:1929 +0xb08
created by net/http.(*Server).Serve
	/usr/local/Cellar/go/1.17.2/libexec/src/net/http/server.go:3033 +0x4e8
2022/02/18 09:59:49 server.go:3159: http: panic serving 127.0.0.1:61049: runtime error: invalid memory address or nil pointer dereference
goroutine 40 [running]:
net/http.(*conn).serve.func1()
	/usr/local/Cellar/go/1.17.2/libexec/src/net/http/server.go:1801 +0xb9
panic({0x443dae0, 0x472c1c0})
	/usr/local/Cellar/go/1.17.2/libexec/src/runtime/panic.go:1047 +0x266
text/template.errRecover(0xc000050968)
	/usr/local/Cellar/go/1.17.2/libexec/src/text/template/exec.go:163 +0x15b
panic({0x443dae0, 0x472c1c0})
	/usr/local/Cellar/go/1.17.2/libexec/src/runtime/panic.go:1038 +0x215
text/template.(*Template).execute(0x0, {0x44f9300, 0xc00018e2a0}, {0x0, 0x0})
	/usr/local/Cellar/go/1.17.2/libexec/src/text/template/exec.go:214 +0x239
text/template.(*Template).Execute(...)
	/usr/local/Cellar/go/1.17.2/libexec/src/text/template/exec.go:200
main/app/controllers.top({0x44ffa98, 0xc00018e2a0}, 0x0)
	/Users/at/go/src/todo_app/app/controllers/route_main.go:10 +0x87
net/http.HandlerFunc.ServeHTTP(0x0, {0x44ffa98, 0xc00018e2a0}, 0x0)
	/usr/local/Cellar/go/1.17.2/libexec/src/net/http/server.go:2046 +0x2f
net/http.(*ServeMux).ServeHTTP(0x0, {0x44ffa98, 0xc00018e2a0}, 0xc00017c500)
	/usr/local/Cellar/go/1.17.2/libexec/src/net/http/server.go:2424 +0x149
net/http.serverHandler.ServeHTTP({0xc000113770}, {0x44ffa98, 0xc00018e2a0}, 0xc00017c500)
	/usr/local/Cellar/go/1.17.2/libexec/src/net/http/server.go:2878 +0x43b
net/http.(*conn).serve(0xc00012efa0, {0x4501280, 0xc0001132c0})
	/usr/local/Cellar/go/1.17.2/libexec/src/net/http/server.go:1929 +0xb08
created by net/http.(*Server).Serve
	/usr/local/Cellar/go/1.17.2/libexec/src/net/http/server.go:3033 +0x4e8
2022/02/21 03:48:57 user.go:98: sql: converting argument $1 type: unsupported type func() uuid.UUID, a func
2022/02/21 03:48:57 main.go:17: sql: no rows in result set
2022/02/21 05:24:51 user.go:98: sql: converting argument $1 type: unsupported type func() uuid.UUID, a func
2022/02/21 05:24:51 main.go:17: sql: no rows in result set
2022/02/21 05:25:27 user.go:98: sql: converting argument $1 type: unsupported type func() uuid.UUID, a func
2022/02/21 05:25:27 main.go:17: sql: no rows in result set
2022/02/21 05:28:58 user.go:98: sql: converting argument $1 type: unsupported type func() uuid.UUID, a func
2022/02/21 05:28:58 main.go:17: sql: no rows in result set
2022/02/23 09:39:44 route_main.go:28: {1 535d0a08-91fe-11ec-94b1-a683e7683b2b test   2022-02-20 12:36:44.79714 +0900 +0900 []}
2022/02/23 09:39:44 route_main.go:28: {1 535d0a08-91fe-11ec-94b1-a683e7683b2b test   2022-02-20 12:36:44.79714 +0900 +0900 []}
2022/02/23 09:42:23 route_main.go:28: {1 535d0a08-91fe-11ec-94b1-a683e7683b2b test   2022-02-20 12:36:44.79714 +0900 +0900 []}
2022/02/23 09:42:24 route_main.go:28: {1 535d0a08-91fe-11ec-94b1-a683e7683b2b test   2022-02-20 12:36:44.79714 +0900 +0900 []}
2022/02/23 09:42:33 route_main.go:28: {1 535d0a08-91fe-11ec-94b1-a683e7683b2b test   2022-02-20 12:36:44.79714 +0900 +0900 []}
2022/02/23 09:42:33 route_main.go:28: {1 535d0a08-91fe-11ec-94b1-a683e7683b2b test   2022-02-20 12:36:44.79714 +0900 +0900 []}
2022/02/23 09:43:01 route_main.go:28: test
2022/02/23 09:43:01 route_main.go:28: test
2022/02/23 09:49:05 route_main.go:28: test
2022/02/23 09:49:05 server.go:3159: http: panic serving 127.0.0.1:49998: template: index.html:9: unexpected "{" in command
goroutine 54 [running]:
net/http.(*conn).serve.func1()
	/usr/local/Cellar/go/1.17.2/libexec/src/net/http/server.go:1801 +0xb9
panic({0x4446ca0, 0xc00023f710})
	/usr/local/Cellar/go/1.17.2/libexec/src/runtime/panic.go:1047 +0x266
text/template.Must(...)
	/usr/local/Cellar/go/1.17.2/libexec/src/text/template/helper.go:25
main/app/controllers.generateHTML({0x4515058, 0xc000158540}, {0x4483940, 0xc00015b080}, {0xc000117888, 0x3, 0x0})
	/Users/at/go/src/todo_app/app/controllers/server.go:17 +0xf9
main/app/controllers.index({0x4515058, 0xc000158540}, 0x0)
	/Users/at/go/src/todo_app/app/controllers/route_main.go:29 +0x448
net/http.HandlerFunc.ServeHTTP(0x0, {0x4515058, 0xc000158540}, 0x0)
	/usr/local/Cellar/go/1.17.2/libexec/src/net/http/server.go:2046 +0x2f
net/http.(*ServeMux).ServeHTTP(0x0, {0x4515058, 0xc000158540}, 0xc000122a00)
	/usr/local/Cellar/go/1.17.2/libexec/src/net/http/server.go:2424 +0x149
net/http.serverHandler.ServeHTTP({0xc00023cf30}, {0x4515058, 0xc000158540}, 0xc000122a00)
	/usr/local/Cellar/go/1.17.2/libexec/src/net/http/server.go:2878 +0x43b
net/http.(*conn).serve(0xc0002c8000, {0x45168a0, 0xc00007f470})
	/usr/local/Cellar/go/1.17.2/libexec/src/net/http/server.go:1929 +0xb08
created by net/http.(*Server).Serve
	/usr/local/Cellar/go/1.17.2/libexec/src/net/http/server.go:3033 +0x4e8
2022/02/23 09:49:05 route_main.go:28: test
2022/02/23 09:49:05 server.go:3159: http: panic serving 127.0.0.1:49999: template: index.html:9: unexpected "{" in command
goroutine 55 [running]:
net/http.(*conn).serve.func1()
	/usr/local/Cellar/go/1.17.2/libexec/src/net/http/server.go:1801 +0xb9
panic({0x4446ca0, 0xc00029a680})
	/usr/local/Cellar/go/1.17.2/libexec/src/runtime/panic.go:1047 +0x266
text/template.Must(...)
	/usr/local/Cellar/go/1.17.2/libexec/src/text/template/helper.go:25
main/app/controllers.generateHTML({0x4515058, 0xc00029e0e0}, {0x4483940, 0xc0002ac780}, {0xc000111888, 0x3, 0x0})
	/Users/at/go/src/todo_app/app/controllers/server.go:17 +0xf9
main/app/controllers.index({0x4515058, 0xc00029e0e0}, 0x0)
	/Users/at/go/src/todo_app/app/controllers/route_main.go:29 +0x448
net/http.HandlerFunc.ServeHTTP(0x0, {0x4515058, 0xc00029e0e0}, 0x0)
	/usr/local/Cellar/go/1.17.2/libexec/src/net/http/server.go:2046 +0x2f
net/http.(*ServeMux).ServeHTTP(0x0, {0x4515058, 0xc00029e0e0}, 0xc000284300)
	/usr/local/Cellar/go/1.17.2/libexec/src/net/http/server.go:2424 +0x149
net/http.serverHandler.ServeHTTP({0xc000282840}, {0x4515058, 0xc00029e0e0}, 0xc000284300)
	/usr/local/Cellar/go/1.17.2/libexec/src/net/http/server.go:2878 +0x43b
net/http.(*conn).serve(0xc0002c80a0, {0x45168a0, 0xc00007f470})
	/usr/local/Cellar/go/1.17.2/libexec/src/net/http/server.go:1929 +0xb08
created by net/http.(*Server).Serve
	/usr/local/Cellar/go/1.17.2/libexec/src/net/http/server.go:3033 +0x4e8
2022/02/23 09:49:05 route_main.go:28: test
2022/02/23 09:49:05 server.go:3159: http: panic serving 127.0.0.1:50001: template: index.html:9: unexpected "{" in command
goroutine 70 [running]:
net/http.(*conn).serve.func1()
	/usr/local/Cellar/go/1.17.2/libexec/src/net/http/server.go:1801 +0xb9
panic({0x4446ca0, 0xc00029aa00})
	/usr/local/Cellar/go/1.17.2/libexec/src/runtime/panic.go:1047 +0x266
text/template.Must(...)
	/usr/local/Cellar/go/1.17.2/libexec/src/text/template/helper.go:25
main/app/controllers.generateHTML({0x4515058, 0xc00029e1c0}, {0x4483940, 0xc0002acd00}, {0xc000111888, 0x3, 0x0})
	/Users/at/go/src/todo_app/app/controllers/server.go:17 +0xf9
main/app/controllers.index({0x4515058, 0xc00029e1c0}, 0x0)
	/Users/at/go/src/todo_app/app/controllers/route_main.go:29 +0x448
net/http.HandlerFunc.ServeHTTP(0x0, {0x4515058, 0xc00029e1c0}, 0x0)
	/usr/local/Cellar/go/1.17.2/libexec/src/net/http/server.go:2046 +0x2f
net/http.(*ServeMux).ServeHTTP(0x0, {0x4515058, 0xc00029e1c0}, 0xc000122b00)
	/usr/local/Cellar/go/1.17.2/libexec/src/net/http/server.go:2424 +0x149
net/http.serverHandler.ServeHTTP({0xc00023d9b0}, {0x4515058, 0xc00029e1c0}, 0xc000122b00)
	/usr/local/Cellar/go/1.17.2/libexec/src/net/http/server.go:2878 +0x43b
net/http.(*conn).serve(0xc00010f0e0, {0x45168a0, 0xc00007f470})
	/usr/local/Cellar/go/1.17.2/libexec/src/net/http/server.go:1929 +0xb08
created by net/http.(*Server).Serve
	/usr/local/Cellar/go/1.17.2/libexec/src/net/http/server.go:3033 +0x4e8
2022/02/23 09:49:06 route_main.go:28: test
2022/02/23 09:49:06 server.go:3159: http: panic serving 127.0.0.1:50007: template: index.html:9: unexpected "{" in command
goroutine 35 [running]:
net/http.(*conn).serve.func1()
	/usr/local/Cellar/go/1.17.2/libexec/src/net/http/server.go:1801 +0xb9
panic({0x4446ca0, 0xc0003181f0})
	/usr/local/Cellar/go/1.17.2/libexec/src/runtime/panic.go:1047 +0x266
text/template.Must(...)
	/usr/local/Cellar/go/1.17.2/libexec/src/text/template/helper.go:25
main/app/controllers.generateHTML({0x4515058, 0xc000158620}, {0x4483940, 0xc00015b600}, {0xc000117888, 0x3, 0x0})
	/Users/at/go/src/todo_app/app/controllers/server.go:17 +0xf9
main/app/controllers.index({0x4515058, 0xc000158620}, 0x0)
	/Users/at/go/src/todo_app/app/controllers/route_main.go:29 +0x448
net/http.HandlerFunc.ServeHTTP(0x0, {0x4515058, 0xc000158620}, 0x0)
	/usr/local/Cellar/go/1.17.2/libexec/src/net/http/server.go:2046 +0x2f
net/http.(*ServeMux).ServeHTTP(0x0, {0x4515058, 0xc000158620}, 0xc000122c00)
	/usr/local/Cellar/go/1.17.2/libexec/src/net/http/server.go:2424 +0x149
net/http.serverHandler.ServeHTTP({0xc00023da10}, {0x4515058, 0xc000158620}, 0xc000122c00)
	/usr/local/Cellar/go/1.17.2/libexec/src/net/http/server.go:2878 +0x43b
net/http.(*conn).serve(0xc00033e000, {0x45168a0, 0xc00007f470})
	/usr/local/Cellar/go/1.17.2/libexec/src/net/http/server.go:1929 +0xb08
created by net/http.(*Server).Serve
	/usr/local/Cellar/go/1.17.2/libexec/src/net/http/server.go:3033 +0x4e8
2022/02/23 09:49:06 route_main.go:28: test
2022/02/23 09:49:06 server.go:3159: http: panic serving 127.0.0.1:50009: template: index.html:9: unexpected "{" in command
goroutine 36 [running]:
net/http.(*conn).serve.func1()
	/usr/local/Cellar/go/1.17.2/libexec/src/net/http/server.go:1801 +0xb9
panic({0x4446ca0, 0xc00029ad80})
	/usr/local/Cellar/go/1.17.2/libexec/src/runtime/panic.go:1047 +0x266
text/template.Must(...)
	/usr/local/Cellar/go/1.17.2/libexec/src/text/template/helper.go:25
main/app/controllers.generateHTML({0x4515058, 0xc00029e2a0}, {0x4483940, 0xc0002ad280}, {0xc000111888, 0x3, 0x0})
	/Users/at/go/src/todo_app/app/controllers/server.go:17 +0xf9
main/app/controllers.index({0x4515058, 0xc00029e2a0}, 0x0)
	/Users/at/go/src/todo_app/app/controllers/route_main.go:29 +0x448
net/http.HandlerFunc.ServeHTTP(0x0, {0x4515058, 0xc00029e2a0}, 0x0)
	/usr/local/Cellar/go/1.17.2/libexec/src/net/http/server.go:2046 +0x2f
net/http.(*ServeMux).ServeHTTP(0x0, {0x4515058, 0xc00029e2a0}, 0xc000304200)
	/usr/local/Cellar/go/1.17.2/libexec/src/net/http/server.go:2424 +0x149
net/http.serverHandler.ServeHTTP({0xc000306240}, {0x4515058, 0xc00029e2a0}, 0xc000304200)
	/usr/local/Cellar/go/1.17.2/libexec/src/net/http/server.go:2878 +0x43b
net/http.(*conn).serve(0xc00033e0a0, {0x45168a0, 0xc00007f470})
	/usr/local/Cellar/go/1.17.2/libexec/src/net/http/server.go:1929 +0xb08
created by net/http.(*Server).Serve
	/usr/local/Cellar/go/1.17.2/libexec/src/net/http/server.go:3033 +0x4e8
2022/02/23 09:49:06 route_main.go:28: test
2022/02/23 09:49:06 server.go:3159: http: panic serving 127.0.0.1:50011: template: index.html:9: unexpected "{" in command
goroutine 38 [running]:
net/http.(*conn).serve.func1()
	/usr/local/Cellar/go/1.17.2/libexec/src/net/http/server.go:1801 +0xb9
panic({0x4446ca0, 0xc000318580})
	/usr/local/Cellar/go/1.17.2/libexec/src/runtime/panic.go:1047 +0x266
text/template.Must(...)
	/usr/local/Cellar/go/1.17.2/libexec/src/text/template/helper.go:25
main/app/controllers.generateHTML({0x4515058, 0xc00031c0e0}, {0x4483940, 0xc00032c500}, {0xc000371888, 0x3, 0x0})
	/Users/at/go/src/todo_app/app/controllers/server.go:17 +0xf9
main/app/controllers.index({0x4515058, 0xc00031c0e0}, 0x0)
	/Users/at/go/src/todo_app/app/controllers/route_main.go:29 +0x448
net/http.HandlerFunc.ServeHTTP(0x0, {0x4515058, 0xc00031c0e0}, 0x0)
	/usr/local/Cellar/go/1.17.2/libexec/src/net/http/server.go:2046 +0x2f
net/http.(*ServeMux).ServeHTTP(0x0, {0x4515058, 0xc00031c0e0}, 0xc000304300)
	/usr/local/Cellar/go/1.17.2/libexec/src/net/http/server.go:2424 +0x149
net/http.serverHandler.ServeHTTP({0xc0003066f0}, {0x4515058, 0xc00031c0e0}, 0xc000304300)
	/usr/local/Cellar/go/1.17.2/libexec/src/net/http/server.go:2878 +0x43b
net/http.(*conn).serve(0xc00033e140, {0x45168a0, 0xc00007f470})
	/usr/local/Cellar/go/1.17.2/libexec/src/net/http/server.go:1929 +0xb08
created by net/http.(*Server).Serve
	/usr/local/Cellar/go/1.17.2/libexec/src/net/http/server.go:3033 +0x4e8
2022/02/23 09:49:12 route_main.go:28: test
2022/02/23 09:49:12 server.go:3159: http: panic serving 127.0.0.1:50044: template: index.html:9: unexpected "{" in command
goroutine 9 [running]:
net/http.(*conn).serve.func1()
	/usr/local/Cellar/go/1.17.2/libexec/src/net/http/server.go:1801 +0xb9
panic({0x4446ca0, 0xc0000aa360})
	/usr/local/Cellar/go/1.17.2/libexec/src/runtime/panic.go:1047 +0x266
text/template.Must(...)
	/usr/local/Cellar/go/1.17.2/libexec/src/text/template/helper.go:25
main/app/controllers.generateHTML({0x4515058, 0xc0000ae000}, {0x4483940, 0xc0000be280}, {0xc0000cd888, 0x3, 0x0})
	/Users/at/go/src/todo_app/app/controllers/server.go:17 +0xf9
main/app/controllers.index({0x4515058, 0xc0000ae000}, 0x0)
	/Users/at/go/src/todo_app/app/controllers/route_main.go:29 +0x448
net/http.HandlerFunc.ServeHTTP(0x0, {0x4515058, 0xc0000ae000}, 0x0)
	/usr/local/Cellar/go/1.17.2/libexec/src/net/http/server.go:2046 +0x2f
net/http.(*ServeMux).ServeHTTP(0x0, {0x4515058, 0xc0000ae000}, 0xc000122200)
	/usr/local/Cellar/go/1.17.2/libexec/src/net/http/server.go:2424 +0x149
net/http.serverHandler.ServeHTTP({0xc00007f680}, {0x4515058, 0xc0000ae000}, 0xc000122200)
	/usr/local/Cellar/go/1.17.2/libexec/src/net/http/server.go:2878 +0x43b
net/http.(*conn).serve(0xc00010ef00, {0x45168a0, 0xc00007f470})
	/usr/local/Cellar/go/1.17.2/libexec/src/net/http/server.go:1929 +0xb08
created by net/http.(*Server).Serve
	/usr/local/Cellar/go/1.17.2/libexec/src/net/http/server.go:3033 +0x4e8
2022/02/23 09:49:12 route_main.go:28: test
2022/02/23 09:49:12 server.go:3159: http: panic serving 127.0.0.1:50046: template: index.html:9: unexpected "{" in command
goroutine 10 [running]:
net/http.(*conn).serve.func1()
	/usr/local/Cellar/go/1.17.2/libexec/src/net/http/server.go:1801 +0xb9
panic({0x4446ca0, 0xc0000133d0})
	/usr/local/Cellar/go/1.17.2/libexec/src/runtime/panic.go:1047 +0x266
text/template.Must(...)
	/usr/local/Cellar/go/1.17.2/libexec/src/text/template/helper.go:25
main/app/controllers.generateHTML({0x4515058, 0xc0001580e0}, {0x4483940, 0xc00015a400}, {0xc000117888, 0x3, 0x0})
	/Users/at/go/src/todo_app/app/controllers/server.go:17 +0xf9
main/app/controllers.index({0x4515058, 0xc0001580e0}, 0x0)
	/Users/at/go/src/todo_app/app/controllers/route_main.go:29 +0x448
net/http.HandlerFunc.ServeHTTP(0x0, {0x4515058, 0xc0001580e0}, 0x0)
	/usr/local/Cellar/go/1.17.2/libexec/src/net/http/server.go:2046 +0x2f
net/http.(*ServeMux).ServeHTTP(0x0, {0x4515058, 0xc0001580e0}, 0xc000122100)
	/usr/local/Cellar/go/1.17.2/libexec/src/net/http/server.go:2424 +0x149
net/http.serverHandler.ServeHTTP({0xc00007f5c0}, {0x4515058, 0xc0001580e0}, 0xc000122100)
	/usr/local/Cellar/go/1.17.2/libexec/src/net/http/server.go:2878 +0x43b
net/http.(*conn).serve(0xc00010efa0, {0x45168a0, 0xc00007f470})
	/usr/local/Cellar/go/1.17.2/libexec/src/net/http/server.go:1929 +0xb08
created by net/http.(*Server).Serve
	/usr/local/Cellar/go/1.17.2/libexec/src/net/http/server.go:3033 +0x4e8
2022/02/23 09:49:12 route_main.go:28: test
2022/02/23 09:49:12 server.go:3159: http: panic serving 127.0.0.1:50048: template: index.html:9: unexpected "{" in command
goroutine 34 [running]:
net/http.(*conn).serve.func1()
	/usr/local/Cellar/go/1.17.2/libexec/src/net/http/server.go:1801 +0xb9
panic({0x4446ca0, 0xc000013750})
	/usr/local/Cellar/go/1.17.2/libexec/src/runtime/panic.go:1047 +0x266
text/template.Must(...)
	/usr/local/Cellar/go/1.17.2/libexec/src/text/template/helper.go:25
main/app/controllers.generateHTML({0x4515058, 0xc0001581c0}, {0x4483940, 0xc00015a980}, {0xc000117888, 0x3, 0x0})
	/Users/at/go/src/todo_app/app/controllers/server.go:17 +0xf9
main/app/controllers.index({0x4515058, 0xc0001581c0}, 0x0)
	/Users/at/go/src/todo_app/app/controllers/route_main.go:29 +0x448
net/http.HandlerFunc.ServeHTTP(0x0, {0x4515058, 0xc0001581c0}, 0x0)
	/usr/local/Cellar/go/1.17.2/libexec/src/net/http/server.go:2046 +0x2f
net/http.(*ServeMux).ServeHTTP(0x0, {0x4515058, 0xc0001581c0}, 0xc0001b8000)
	/usr/local/Cellar/go/1.17.2/libexec/src/net/http/server.go:2424 +0x149
net/http.serverHandler.ServeHTTP({0xc000194090}, {0x4515058, 0xc0001581c0}, 0xc0001b8000)
	/usr/local/Cellar/go/1.17.2/libexec/src/net/http/server.go:2878 +0x43b
net/http.(*conn).serve(0xc000198000, {0x45168a0, 0xc00007f470})
	/usr/local/Cellar/go/1.17.2/libexec/src/net/http/server.go:1929 +0xb08
created by net/http.(*Server).Serve
	/usr/local/Cellar/go/1.17.2/libexec/src/net/http/server.go:3033 +0x4e8
2022/02/23 09:49:13 route_main.go:28: test
2022/02/23 09:49:13 server.go:3159: http: panic serving 127.0.0.1:50054: template: index.html:9: unexpected "{" in command
goroutine 35 [running]:
net/http.(*conn).serve.func1()
	/usr/local/Cellar/go/1.17.2/libexec/src/net/http/server.go:1801 +0xb9
panic({0x4446ca0, 0xc000013ad0})
	/usr/local/Cellar/go/1.17.2/libexec/src/runtime/panic.go:1047 +0x266
text/template.Must(...)
	/usr/local/Cellar/go/1.17.2/libexec/src/text/template/helper.go:25
main/app/controllers.generateHTML({0x4515058, 0xc0001582a0}, {0x4483940, 0xc00015af00}, {0xc000117888, 0x3, 0x0})
	/Users/at/go/src/todo_app/app/controllers/server.go:17 +0xf9
main/app/controllers.index({0x4515058, 0xc0001582a0}, 0x0)
	/Users/at/go/src/todo_app/app/controllers/route_main.go:29 +0x448
net/http.HandlerFunc.ServeHTTP(0x0, {0x4515058, 0xc0001582a0}, 0x0)
	/usr/local/Cellar/go/1.17.2/libexec/src/net/http/server.go:2046 +0x2f
net/http.(*ServeMux).ServeHTTP(0x0, {0x4515058, 0xc0001582a0}, 0xc0001b8300)
	/usr/local/Cellar/go/1.17.2/libexec/src/net/http/server.go:2424 +0x149
net/http.serverHandler.ServeHTTP({0xc000194240}, {0x4515058, 0xc0001582a0}, 0xc0001b8300)
	/usr/local/Cellar/go/1.17.2/libexec/src/net/http/server.go:2878 +0x43b
net/http.(*conn).serve(0xc0001980a0, {0x45168a0, 0xc00007f470})
	/usr/local/Cellar/go/1.17.2/libexec/src/net/http/server.go:1929 +0xb08
created by net/http.(*Server).Serve
	/usr/local/Cellar/go/1.17.2/libexec/src/net/http/server.go:3033 +0x4e8
2022/02/23 09:49:13 route_main.go:28: test
2022/02/23 09:49:13 server.go:3159: http: panic serving 127.0.0.1:50056: template: index.html:9: unexpected "{" in command
goroutine 36 [running]:
net/http.(*conn).serve.func1()
	/usr/local/Cellar/go/1.17.2/libexec/src/net/http/server.go:1801 +0xb9
panic({0x4446ca0, 0xc0001b2390})
	/usr/local/Cellar/go/1.17.2/libexec/src/runtime/panic.go:1047 +0x266
text/template.Must(...)
	/usr/local/Cellar/go/1.17.2/libexec/src/text/template/helper.go:25
main/app/controllers.generateHTML({0x4515058, 0xc0001d0000}, {0x4483940, 0xc000192380}, {0xc0001dd888, 0x3, 0x0})
	/Users/at/go/src/todo_app/app/controllers/server.go:17 +0xf9
main/app/controllers.index({0x4515058, 0xc0001d0000}, 0x0)
	/Users/at/go/src/todo_app/app/controllers/route_main.go:29 +0x448
net/http.HandlerFunc.ServeHTTP(0x0, {0x4515058, 0xc0001d0000}, 0x0)
	/usr/local/Cellar/go/1.17.2/libexec/src/net/http/server.go:2046 +0x2f
net/http.(*ServeMux).ServeHTTP(0x0, {0x4515058, 0xc0001d0000}, 0xc0001b8200)
	/usr/local/Cellar/go/1.17.2/libexec/src/net/http/server.go:2424 +0x149
net/http.serverHandler.ServeHTTP({0xc0001941e0}, {0x4515058, 0xc0001d0000}, 0xc0001b8200)
	/usr/local/Cellar/go/1.17.2/libexec/src/net/http/server.go:2878 +0x43b
net/http.(*conn).serve(0xc000198140, {0x45168a0, 0xc00007f470})
	/usr/local/Cellar/go/1.17.2/libexec/src/net/http/server.go:1929 +0xb08
created by net/http.(*Server).Serve
	/usr/local/Cellar/go/1.17.2/libexec/src/net/http/server.go:3033 +0x4e8
2022/02/23 09:49:13 route_main.go:28: test
2022/02/23 09:49:13 server.go:3159: http: panic serving 127.0.0.1:50058: template: index.html:9: unexpected "{" in command
goroutine 41 [running]:
net/http.(*conn).serve.func1()
	/usr/local/Cellar/go/1.17.2/libexec/src/net/http/server.go:1801 +0xb9
panic({0x4446ca0, 0xc000013e50})
	/usr/local/Cellar/go/1.17.2/libexec/src/runtime/panic.go:1047 +0x266
text/template.Must(...)
	/usr/local/Cellar/go/1.17.2/libexec/src/text/template/helper.go:25
main/app/controllers.generateHTML({0x4515058, 0xc000158380}, {0x4483940, 0xc00015b380}, {0xc000117888, 0x3, 0x0})
	/Users/at/go/src/todo_app/app/controllers/server.go:17 +0xf9
main/app/controllers.index({0x4515058, 0xc000158380}, 0x0)
	/Users/at/go/src/todo_app/app/controllers/route_main.go:29 +0x448
net/http.HandlerFunc.ServeHTTP(0x0, {0x4515058, 0xc000158380}, 0x0)
	/usr/local/Cellar/go/1.17.2/libexec/src/net/http/server.go:2046 +0x2f
net/http.(*ServeMux).ServeHTTP(0x0, {0x4515058, 0xc000158380}, 0xc0001b8400)
	/usr/local/Cellar/go/1.17.2/libexec/src/net/http/server.go:2424 +0x149
net/http.serverHandler.ServeHTTP({0xc000194cf0}, {0x4515058, 0xc000158380}, 0xc0001b8400)
	/usr/local/Cellar/go/1.17.2/libexec/src/net/http/server.go:2878 +0x43b
net/http.(*conn).serve(0xc0001981e0, {0x45168a0, 0xc00007f470})
	/usr/local/Cellar/go/1.17.2/libexec/src/net/http/server.go:1929 +0xb08
created by net/http.(*Server).Serve
	/usr/local/Cellar/go/1.17.2/libexec/src/net/http/server.go:3033 +0x4e8
2022/02/23 09:49:14 route_main.go:28: test
2022/02/23 09:49:14 server.go:3159: http: panic serving 127.0.0.1:50065: template: index.html:9: unexpected "{" in command
goroutine 60 [running]:
net/http.(*conn).serve.func1()
	/usr/local/Cellar/go/1.17.2/libexec/src/net/http/server.go:1801 +0xb9
panic({0x4446ca0, 0xc0002481f0})
	/usr/local/Cellar/go/1.17.2/libexec/src/runtime/panic.go:1047 +0x266
text/template.Must(...)
	/usr/local/Cellar/go/1.17.2/libexec/src/text/template/helper.go:25
main/app/controllers.generateHTML({0x4515058, 0xc000158460}, {0x4483940, 0xc00015b900}, {0xc000117888, 0x3, 0x0})
	/Users/at/go/src/todo_app/app/controllers/server.go:17 +0xf9
main/app/controllers.index({0x4515058, 0xc000158460}, 0x0)
	/Users/at/go/src/todo_app/app/controllers/route_main.go:29 +0x448
net/http.HandlerFunc.ServeHTTP(0x0, {0x4515058, 0xc000158460}, 0x0)
	/usr/local/Cellar/go/1.17.2/libexec/src/net/http/server.go:2046 +0x2f
net/http.(*ServeMux).ServeHTTP(0x0, {0x4515058, 0xc000158460}, 0xc000122300)
	/usr/local/Cellar/go/1.17.2/libexec/src/net/http/server.go:2424 +0x149
net/http.serverHandler.ServeHTTP({0xc000173e90}, {0x4515058, 0xc000158460}, 0xc000122300)
	/usr/local/Cellar/go/1.17.2/libexec/src/net/http/server.go:2878 +0x43b
net/http.(*conn).serve(0xc00010f040, {0x45168a0, 0xc00007f470})
	/usr/local/Cellar/go/1.17.2/libexec/src/net/http/server.go:1929 +0xb08
created by net/http.(*Server).Serve
	/usr/local/Cellar/go/1.17.2/libexec/src/net/http/server.go:3033 +0x4e8
2022/02/23 09:49:14 route_main.go:28: test
2022/02/23 09:49:14 server.go:3159: http: panic serving 127.0.0.1:50066: template: index.html:9: unexpected "{" in command
goroutine 61 [running]:
net/http.(*conn).serve.func1()
	/usr/local/Cellar/go/1.17.2/libexec/src/net/http/server.go:1801 +0xb9
panic({0x4446ca0, 0xc000248570})
	/usr/local/Cellar/go/1.17.2/libexec/src/runtime/panic.go:1047 +0x266
text/template.Must(...)
	/usr/local/Cellar/go/1.17.2/libexec/src/text/template/helper.go:25
main/app/controllers.generateHTML({0x4515058, 0xc000158540}, {0x4483940, 0xc00015bd80}, {0xc000117888, 0x3, 0x0})
	/Users/at/go/src/todo_app/app/controllers/server.go:17 +0xf9
main/app/controllers.index({0x4515058, 0xc000158540}, 0x0)
	/Users/at/go/src/todo_app/app/controllers/route_main.go:29 +0x448
net/http.HandlerFunc.ServeHTTP(0x0, {0x4515058, 0xc000158540}, 0x0)
	/usr/local/Cellar/go/1.17.2/libexec/src/net/http/server.go:2046 +0x2f
net/http.(*ServeMux).ServeHTTP(0x0, {0x4515058, 0xc000158540}, 0xc000122400)
	/usr/local/Cellar/go/1.17.2/libexec/src/net/http/server.go:2424 +0x149
net/http.serverHandler.ServeHTTP({0xc000173f50}, {0x4515058, 0xc000158540}, 0xc000122400)
	/usr/local/Cellar/go/1.17.2/libexec/src/net/http/server.go:2878 +0x43b
net/http.(*conn).serve(0xc00010f0e0, {0x45168a0, 0xc00007f470})
	/usr/local/Cellar/go/1.17.2/libexec/src/net/http/server.go:1929 +0xb08
created by net/http.(*Server).Serve
	/usr/local/Cellar/go/1.17.2/libexec/src/net/http/server.go:3033 +0x4e8
2022/02/23 09:49:14 route_main.go:28: test
2022/02/23 09:49:14 server.go:3159: http: panic serving 127.0.0.1:50068: template: index.html:9: unexpected "{" in command
goroutine 22 [running]:
net/http.(*conn).serve.func1()
	/usr/local/Cellar/go/1.17.2/libexec/src/net/http/server.go:1801 +0xb9
panic({0x4446ca0, 0xc0000aa6f0})
	/usr/local/Cellar/go/1.17.2/libexec/src/runtime/panic.go:1047 +0x266
text/template.Must(...)
	/usr/local/Cellar/go/1.17.2/libexec/src/text/template/helper.go:25
main/app/controllers.generateHTML({0x4515058, 0xc0000ae0e0}, {0x4483940, 0xc0000be800}, {0xc000111888, 0x3, 0x0})
	/Users/at/go/src/todo_app/app/controllers/server.go:17 +0xf9
main/app/controllers.index({0x4515058, 0xc0000ae0e0}, 0x0)
	/Users/at/go/src/todo_app/app/controllers/route_main.go:29 +0x448
net/http.HandlerFunc.ServeHTTP(0x0, {0x4515058, 0xc0000ae0e0}, 0x0)
	/usr/local/Cellar/go/1.17.2/libexec/src/net/http/server.go:2046 +0x2f
net/http.(*ServeMux).ServeHTTP(0x0, {0x4515058, 0xc0000ae0e0}, 0xc0000f4000)
	/usr/local/Cellar/go/1.17.2/libexec/src/net/http/server.go:2424 +0x149
net/http.serverHandler.ServeHTTP({0xc000098a50}, {0x4515058, 0xc0000ae0e0}, 0xc0000f4000)
	/usr/local/Cellar/go/1.17.2/libexec/src/net/http/server.go:2878 +0x43b
net/http.(*conn).serve(0xc0000f2000, {0x45168a0, 0xc00007f470})
	/usr/local/Cellar/go/1.17.2/libexec/src/net/http/server.go:1929 +0xb08
created by net/http.(*Server).Serve
	/usr/local/Cellar/go/1.17.2/libexec/src/net/http/server.go:3033 +0x4e8
2022/02/23 09:49:17 route_main.go:28: test
2022/02/23 09:49:17 server.go:3159: http: panic serving 127.0.0.1:50082: template: index.html:9: unexpected "{" in command
goroutine 70 [running]:
net/http.(*conn).serve.func1()
	/usr/local/Cellar/go/1.17.2/libexec/src/net/http/server.go:1801 +0xb9
panic({0x4446ca0, 0xc0000aab30})
	/usr/local/Cellar/go/1.17.2/libexec/src/runtime/panic.go:1047 +0x266
text/template.Must(...)
	/usr/local/Cellar/go/1.17.2/libexec/src/text/template/helper.go:25
main/app/controllers.generateHTML({0x4515058, 0xc0000ae2a0}, {0x4483940, 0xc0000bed80}, {0xc000111888, 0x3, 0x0})
	/Users/at/go/src/todo_app/app/controllers/server.go:17 +0xf9
main/app/controllers.index({0x4515058, 0xc0000ae2a0}, 0x0)
	/Users/at/go/src/todo_app/app/controllers/route_main.go:29 +0x448
net/http.HandlerFunc.ServeHTTP(0x0, {0x4515058, 0xc0000ae2a0}, 0x0)
	/usr/local/Cellar/go/1.17.2/libexec/src/net/http/server.go:2046 +0x2f
net/http.(*ServeMux).ServeHTTP(0x0, {0x4515058, 0xc0000ae2a0}, 0xc0000f4100)
	/usr/local/Cellar/go/1.17.2/libexec/src/net/http/server.go:2424 +0x149
net/http.serverHandler.ServeHTTP({0xc000245410}, {0x4515058, 0xc0000ae2a0}, 0xc0000f4100)
	/usr/local/Cellar/go/1.17.2/libexec/src/net/http/server.go:2878 +0x43b
net/http.(*conn).serve(0xc00010f180, {0x45168a0, 0xc00007f470})
	/usr/local/Cellar/go/1.17.2/libexec/src/net/http/server.go:1929 +0xb08
created by net/http.(*Server).Serve
	/usr/local/Cellar/go/1.17.2/libexec/src/net/http/server.go:3033 +0x4e8
2022/02/23 09:49:17 route_main.go:28: test
2022/02/23 09:49:17 server.go:3159: http: panic serving 127.0.0.1:50084: template: index.html:9: unexpected "{" in command
goroutine 71 [running]:
net/http.(*conn).serve.func1()
	/usr/local/Cellar/go/1.17.2/libexec/src/net/http/server.go:1801 +0xb9
panic({0x4446ca0, 0xc000248910})
	/usr/local/Cellar/go/1.17.2/libexec/src/runtime/panic.go:1047 +0x266
text/template.Must(...)
	/usr/local/Cellar/go/1.17.2/libexec/src/text/template/helper.go:25
main/app/controllers.generateHTML({0x4515058, 0xc000158620}, {0x4483940, 0xc000274300}, {0xc000117888, 0x3, 0x0})
	/Users/at/go/src/todo_app/app/controllers/server.go:17 +0xf9
main/app/controllers.index({0x4515058, 0xc000158620}, 0x0)
	/Users/at/go/src/todo_app/app/controllers/route_main.go:29 +0x448
net/http.HandlerFunc.ServeHTTP(0x0, {0x4515058, 0xc000158620}, 0x0)
	/usr/local/Cellar/go/1.17.2/libexec/src/net/http/server.go:2046 +0x2f
net/http.(*ServeMux).ServeHTTP(0x0, {0x4515058, 0xc000158620}, 0xc000122500)
	/usr/local/Cellar/go/1.17.2/libexec/src/net/http/server.go:2424 +0x149
net/http.serverHandler.ServeHTTP({0xc0002453b0}, {0x4515058, 0xc000158620}, 0xc000122500)
	/usr/local/Cellar/go/1.17.2/libexec/src/net/http/server.go:2878 +0x43b
net/http.(*conn).serve(0xc00010f220, {0x45168a0, 0xc00007f470})
	/usr/local/Cellar/go/1.17.2/libexec/src/net/http/server.go:1929 +0xb08
created by net/http.(*Server).Serve
	/usr/local/Cellar/go/1.17.2/libexec/src/net/http/server.go:3033 +0x4e8
2022/02/23 09:49:17 route_main.go:28: test
2022/02/23 09:49:17 server.go:3159: http: panic serving 127.0.0.1:50086: template: index.html:9: unexpected "{" in command
goroutine 32 [running]:
net/http.(*conn).serve.func1()
	/usr/local/Cellar/go/1.17.2/libexec/src/net/http/server.go:1801 +0xb9
panic({0x4446ca0, 0xc000248c90})
	/usr/local/Cellar/go/1.17.2/libexec/src/runtime/panic.go:1047 +0x266
text/template.Must(...)
	/usr/local/Cellar/go/1.17.2/libexec/src/text/template/helper.go:25
main/app/controllers.generateHTML({0x4515058, 0xc000158700}, {0x4483940, 0xc000274780}, {0xc000117888, 0x3, 0x0})
	/Users/at/go/src/todo_app/app/controllers/server.go:17 +0xf9
main/app/controllers.index({0x4515058, 0xc000158700}, 0x0)
	/Users/at/go/src/todo_app/app/controllers/route_main.go:29 +0x448
net/http.HandlerFunc.ServeHTTP(0x0, {0x4515058, 0xc000158700}, 0x0)
	/usr/local/Cellar/go/1.17.2/libexec/src/net/http/server.go:2046 +0x2f
net/http.(*ServeMux).ServeHTTP(0x0, {0x4515058, 0xc000158700}, 0xc0000f4200)
	/usr/local/Cellar/go/1.17.2/libexec/src/net/http/server.go:2424 +0x149
net/http.serverHandler.ServeHTTP({0xc000324030}, {0x4515058, 0xc000158700}, 0xc0000f4200)
	/usr/local/Cellar/go/1.17.2/libexec/src/net/http/server.go:2878 +0x43b
net/http.(*conn).serve(0xc0000f20a0, {0x45168a0, 0xc00007f470})
	/usr/local/Cellar/go/1.17.2/libexec/src/net/http/server.go:1929 +0xb08
created by net/http.(*Server).Serve
	/usr/local/Cellar/go/1.17.2/libexec/src/net/http/server.go:3033 +0x4e8
2022/02/23 09:49:18 route_main.go:28: test
2022/02/23 09:49:18 server.go:3159: http: panic serving 127.0.0.1:50093: template: index.html:9: unexpected "{" in command
goroutine 33 [running]:
net/http.(*conn).serve.func1()
	/usr/local/Cellar/go/1.17.2/libexec/src/net/http/server.go:1801 +0xb9
panic({0x4446ca0, 0xc000249010})
	/usr/local/Cellar/go/1.17.2/libexec/src/runtime/panic.go:1047 +0x266
text/template.Must(...)
	/usr/local/Cellar/go/1.17.2/libexec/src/text/template/helper.go:25
main/app/controllers.generateHTML({0x4515058, 0xc0001587e0}, {0x4483940, 0xc000274c00}, {0xc000117888, 0x3, 0x0})
	/Users/at/go/src/todo_app/app/controllers/server.go:17 +0xf9
main/app/controllers.index({0x4515058, 0xc0001587e0}, 0x0)
	/Users/at/go/src/todo_app/app/controllers/route_main.go:29 +0x448
net/http.HandlerFunc.ServeHTTP(0x0, {0x4515058, 0xc0001587e0}, 0x0)
	/usr/local/Cellar/go/1.17.2/libexec/src/net/http/server.go:2046 +0x2f
net/http.(*ServeMux).ServeHTTP(0x0, {0x4515058, 0xc0001587e0}, 0xc0000f4400)
	/usr/local/Cellar/go/1.17.2/libexec/src/net/http/server.go:2424 +0x149
net/http.serverHandler.ServeHTTP({0xc0003241b0}, {0x4515058, 0xc0001587e0}, 0xc0000f4400)
	/usr/local/Cellar/go/1.17.2/libexec/src/net/http/server.go:2878 +0x43b
net/http.(*conn).serve(0xc0000f2140, {0x45168a0, 0xc00007f470})
	/usr/local/Cellar/go/1.17.2/libexec/src/net/http/server.go:1929 +0xb08
created by net/http.(*Server).Serve
	/usr/local/Cellar/go/1.17.2/libexec/src/net/http/server.go:3033 +0x4e8
2022/02/23 09:49:18 route_main.go:28: test
2022/02/23 09:49:18 server.go:3159: http: panic serving 127.0.0.1:50094: template: index.html:9: unexpected "{" in command
goroutine 82 [running]:
net/http.(*conn).serve.func1()
	/usr/local/Cellar/go/1.17.2/libexec/src/net/http/server.go:1801 +0xb9
panic({0x4446ca0, 0xc0000aaee0})
	/usr/local/Cellar/go/1.17.2/libexec/src/runtime/panic.go:1047 +0x266
text/template.Must(...)
	/usr/local/Cellar/go/1.17.2/libexec/src/text/template/helper.go:25
main/app/controllers.generateHTML({0x4515058, 0xc0000ae380}, {0x4483940, 0xc0000bf480}, {0xc000111888, 0x3, 0x0})
	/Users/at/go/src/todo_app/app/controllers/server.go:17 +0xf9
main/app/controllers.index({0x4515058, 0xc0000ae380}, 0x0)
	/Users/at/go/src/todo_app/app/controllers/route_main.go:29 +0x448
net/http.HandlerFunc.ServeHTTP(0x0, {0x4515058, 0xc0000ae380}, 0x0)
	/usr/local/Cellar/go/1.17.2/libexec/src/net/http/server.go:2046 +0x2f
net/http.(*ServeMux).ServeHTTP(0x0, {0x4515058, 0xc0000ae380}, 0xc0000f4300)
	/usr/local/Cellar/go/1.17.2/libexec/src/net/http/server.go:2424 +0x149
net/http.serverHandler.ServeHTTP({0xc000324150}, {0x4515058, 0xc0000ae380}, 0xc0000f4300)
	/usr/local/Cellar/go/1.17.2/libexec/src/net/http/server.go:2878 +0x43b
net/http.(*conn).serve(0xc0000f21e0, {0x45168a0, 0xc00007f470})
	/usr/local/Cellar/go/1.17.2/libexec/src/net/http/server.go:1929 +0xb08
created by net/http.(*Server).Serve
	/usr/local/Cellar/go/1.17.2/libexec/src/net/http/server.go:3033 +0x4e8
2022/02/23 09:49:18 route_main.go:28: test
2022/02/23 09:49:18 server.go:3159: http: panic serving 127.0.0.1:50096: template: index.html:9: unexpected "{" in command
goroutine 100 [running]:
net/http.(*conn).serve.func1()
	/usr/local/Cellar/go/1.17.2/libexec/src/net/http/server.go:1801 +0xb9
panic({0x4446ca0, 0xc0000ab260})
	/usr/local/Cellar/go/1.17.2/libexec/src/runtime/panic.go:1047 +0x266
text/template.Must(...)
	/usr/local/Cellar/go/1.17.2/libexec/src/text/template/helper.go:25
main/app/controllers.generateHTML({0x4515058, 0xc0000ae460}, {0x4483940, 0xc0000bf900}, {0xc000111888, 0x3, 0x0})
	/Users/at/go/src/todo_app/app/controllers/server.go:17 +0xf9
main/app/controllers.index({0x4515058, 0xc0000ae460}, 0x0)
	/Users/at/go/src/todo_app/app/controllers/route_main.go:29 +0x448
net/http.HandlerFunc.ServeHTTP(0x0, {0x4515058, 0xc0000ae460}, 0x0)
	/usr/local/Cellar/go/1.17.2/libexec/src/net/http/server.go:2046 +0x2f
net/http.(*ServeMux).ServeHTTP(0x0, {0x4515058, 0xc0000ae460}, 0xc000122700)
	/usr/local/Cellar/go/1.17.2/libexec/src/net/http/server.go:2424 +0x149
net/http.serverHandler.ServeHTTP({0xc00027d1a0}, {0x4515058, 0xc0000ae460}, 0xc000122700)
	/usr/local/Cellar/go/1.17.2/libexec/src/net/http/server.go:2878 +0x43b
net/http.(*conn).serve(0xc00010f2c0, {0x45168a0, 0xc00007f470})
	/usr/local/Cellar/go/1.17.2/libexec/src/net/http/server.go:1929 +0xb08
created by net/http.(*Server).Serve
	/usr/local/Cellar/go/1.17.2/libexec/src/net/http/server.go:3033 +0x4e8
2022/02/23 09:49:23 route_main.go:28: test
2022/02/23 09:49:23 server.go:3159: http: panic serving 127.0.0.1:50120: template: index.html:9: unexpected "{" in command
goroutine 42 [running]:
net/http.(*conn).serve.func1()
	/usr/local/Cellar/go/1.17.2/libexec/src/net/http/server.go:1801 +0xb9
panic({0x4446ca0, 0xc0000ab5e0})
	/usr/local/Cellar/go/1.17.2/libexec/src/runtime/panic.go:1047 +0x266
text/template.Must(...)
	/usr/local/Cellar/go/1.17.2/libexec/src/text/template/helper.go:25
main/app/controllers.generateHTML({0x4515058, 0xc0000ae540}, {0x4483940, 0xc0000bfd80}, {0xc000111888, 0x3, 0x0})
	/Users/at/go/src/todo_app/app/controllers/server.go:17 +0xf9
main/app/controllers.index({0x4515058, 0xc0000ae540}, 0x0)
	/Users/at/go/src/todo_app/app/controllers/route_main.go:29 +0x448
net/http.HandlerFunc.ServeHTTP(0x0, {0x4515058, 0xc0000ae540}, 0x0)
	/usr/local/Cellar/go/1.17.2/libexec/src/net/http/server.go:2046 +0x2f
net/http.(*ServeMux).ServeHTTP(0x0, {0x4515058, 0xc0000ae540}, 0xc0001b8600)
	/usr/local/Cellar/go/1.17.2/libexec/src/net/http/server.go:2424 +0x149
net/http.serverHandler.ServeHTTP({0xc000194e70}, {0x4515058, 0xc0000ae540}, 0xc0001b8600)
	/usr/local/Cellar/go/1.17.2/libexec/src/net/http/server.go:2878 +0x43b
net/http.(*conn).serve(0xc000198280, {0x45168a0, 0xc00007f470})
	/usr/local/Cellar/go/1.17.2/libexec/src/net/http/server.go:1929 +0xb08
created by net/http.(*Server).Serve
	/usr/local/Cellar/go/1.17.2/libexec/src/net/http/server.go:3033 +0x4e8
2022/02/23 09:49:23 route_main.go:28: test
2022/02/23 09:49:23 server.go:3159: http: panic serving 127.0.0.1:50122: template: index.html:9: unexpected "{" in command
goroutine 43 [running]:
net/http.(*conn).serve.func1()
	/usr/local/Cellar/go/1.17.2/libexec/src/net/http/server.go:1801 +0xb9
panic({0x4446ca0, 0xc0002493a0})
	/usr/local/Cellar/go/1.17.2/libexec/src/runtime/panic.go:1047 +0x266
text/template.Must(...)
	/usr/local/Cellar/go/1.17.2/libexec/src/text/template/helper.go:25
main/app/controllers.generateHTML({0x4515058, 0xc0001588c0}, {0x4483940, 0xc000275100}, {0xc000117888, 0x3, 0x0})
	/Users/at/go/src/todo_app/app/controllers/server.go:17 +0xf9
main/app/controllers.index({0x4515058, 0xc0001588c0}, 0x0)
	/Users/at/go/src/todo_app/app/controllers/route_main.go:29 +0x448
net/http.HandlerFunc.ServeHTTP(0x0, {0x4515058, 0xc0001588c0}, 0x0)
	/usr/local/Cellar/go/1.17.2/libexec/src/net/http/server.go:2046 +0x2f
net/http.(*ServeMux).ServeHTTP(0x0, {0x4515058, 0xc0001588c0}, 0xc0001b8500)
	/usr/local/Cellar/go/1.17.2/libexec/src/net/http/server.go:2424 +0x149
net/http.serverHandler.ServeHTTP({0xc000194e10}, {0x4515058, 0xc0001588c0}, 0xc0001b8500)
	/usr/local/Cellar/go/1.17.2/libexec/src/net/http/server.go:2878 +0x43b
net/http.(*conn).serve(0xc000198320, {0x45168a0, 0xc00007f470})
	/usr/local/Cellar/go/1.17.2/libexec/src/net/http/server.go:1929 +0xb08
created by net/http.(*Server).Serve
	/usr/local/Cellar/go/1.17.2/libexec/src/net/http/server.go:3033 +0x4e8
2022/02/23 09:49:23 route_main.go:28: test
2022/02/23 09:49:23 server.go:3159: http: panic serving 127.0.0.1:50124: template: index.html:9: unexpected "{" in command
goroutine 95 [running]:
net/http.(*conn).serve.func1()
	/usr/local/Cellar/go/1.17.2/libexec/src/net/http/server.go:1801 +0xb9
panic({0x4446ca0, 0xc000249720})
	/usr/local/Cellar/go/1.17.2/libexec/src/runtime/panic.go:1047 +0x266
text/template.Must(...)
	/usr/local/Cellar/go/1.17.2/libexec/src/text/template/helper.go:25
main/app/controllers.generateHTML({0x4515058, 0xc0001589a0}, {0x4483940, 0xc000275580}, {0xc000117888, 0x3, 0x0})
	/Users/at/go/src/todo_app/app/controllers/server.go:17 +0xf9
main/app/controllers.index({0x4515058, 0xc0001589a0}, 0x0)
	/Users/at/go/src/todo_app/app/controllers/route_main.go:29 +0x448
net/http.HandlerFunc.ServeHTTP(0x0, {0x4515058, 0xc0001589a0}, 0x0)
	/usr/local/Cellar/go/1.17.2/libexec/src/net/http/server.go:2046 +0x2f
net/http.(*ServeMux).ServeHTTP(0x0, {0x4515058, 0xc0001589a0}, 0xc0000f4500)
	/usr/local/Cellar/go/1.17.2/libexec/src/net/http/server.go:2424 +0x149
net/http.serverHandler.ServeHTTP({0xc000325f20}, {0x4515058, 0xc0001589a0}, 0xc0000f4500)
	/usr/local/Cellar/go/1.17.2/libexec/src/net/http/server.go:2878 +0x43b
net/http.(*conn).serve(0xc0000f2280, {0x45168a0, 0xc00007f470})
	/usr/local/Cellar/go/1.17.2/libexec/src/net/http/server.go:1929 +0xb08
created by net/http.(*Server).Serve
	/usr/local/Cellar/go/1.17.2/libexec/src/net/http/server.go:3033 +0x4e8
2022/02/23 09:49:36 route_main.go:28: test
2022/02/23 09:49:36 server.go:3159: http: panic serving 127.0.0.1:50179: template: index.html:9: unexpected "{" in command
goroutine 96 [running]:
net/http.(*conn).serve.func1()
	/usr/local/Cellar/go/1.17.2/libexec/src/net/http/server.go:1801 +0xb9
panic({0x4446ca0, 0xc0002498d0})
	/usr/local/Cellar/go/1.17.2/libexec/src/runtime/panic.go:1047 +0x266
text/template.Must(...)
	/usr/local/Cellar/go/1.17.2/libexec/src/text/template/helper.go:25
main/app/controllers.generateHTML({0x4515058, 0xc0000ae620}, {0x4483940, 0xc000362380}, {0xc000111888, 0x3, 0x0})
	/Users/at/go/src/todo_app/app/controllers/server.go:17 +0xf9
main/app/controllers.index({0x4515058, 0xc0000ae620}, 0x0)
	/Users/at/go/src/todo_app/app/controllers/route_main.go:29 +0x448
net/http.HandlerFunc.ServeHTTP(0x0, {0x4515058, 0xc0000ae620}, 0x0)
	/usr/local/Cellar/go/1.17.2/libexec/src/net/http/server.go:2046 +0x2f
net/http.(*ServeMux).ServeHTTP(0x0, {0x4515058, 0xc0000ae620}, 0xc000122800)
	/usr/local/Cellar/go/1.17.2/libexec/src/net/http/server.go:2424 +0x149
net/http.serverHandler.ServeHTTP({0xc0003e6540}, {0x4515058, 0xc0000ae620}, 0xc000122800)
	/usr/local/Cellar/go/1.17.2/libexec/src/net/http/server.go:2878 +0x43b
net/http.(*conn).serve(0xc0000f2320, {0x45168a0, 0xc00007f470})
	/usr/local/Cellar/go/1.17.2/libexec/src/net/http/server.go:1929 +0xb08
created by net/http.(*Server).Serve
	/usr/local/Cellar/go/1.17.2/libexec/src/net/http/server.go:3033 +0x4e8
2022/02/23 09:49:36 route_main.go:28: test
2022/02/23 09:49:36 server.go:3159: http: panic serving 127.0.0.1:50180: template: index.html:9: unexpected "{" in command
goroutine 97 [running]:
net/http.(*conn).serve.func1()
	/usr/local/Cellar/go/1.17.2/libexec/src/net/http/server.go:1801 +0xb9
panic({0x4446ca0, 0xc0000abb60})
	/usr/local/Cellar/go/1.17.2/libexec/src/runtime/panic.go:1047 +0x266
text/template.Must(...)
	/usr/local/Cellar/go/1.17.2/libexec/src/text/template/helper.go:25
main/app/controllers.generateHTML({0x4515058, 0xc0000ae700}, {0x4483940, 0xc000362680}, {0xc000113888, 0x3, 0x0})
	/Users/at/go/src/todo_app/app/controllers/server.go:17 +0xf9
main/app/controllers.index({0x4515058, 0xc0000ae700}, 0x0)
	/Users/at/go/src/todo_app/app/controllers/route_main.go:29 +0x448
net/http.HandlerFunc.ServeHTTP(0x0, {0x4515058, 0xc0000ae700}, 0x0)
	/usr/local/Cellar/go/1.17.2/libexec/src/net/http/server.go:2046 +0x2f
net/http.(*ServeMux).ServeHTTP(0x0, {0x4515058, 0xc0000ae700}, 0xc0000f4600)
	/usr/local/Cellar/go/1.17.2/libexec/src/net/http/server.go:2424 +0x149
net/http.serverHandler.ServeHTTP({0xc000364060}, {0x4515058, 0xc0000ae700}, 0xc0000f4600)
	/usr/local/Cellar/go/1.17.2/libexec/src/net/http/server.go:2878 +0x43b
net/http.(*conn).serve(0xc0000f23c0, {0x45168a0, 0xc00007f470})
	/usr/local/Cellar/go/1.17.2/libexec/src/net/http/server.go:1929 +0xb08
created by net/http.(*Server).Serve
	/usr/local/Cellar/go/1.17.2/libexec/src/net/http/server.go:3033 +0x4e8
2022/02/23 09:49:36 route_main.go:28: test
2022/02/23 09:49:36 server.go:3159: http: panic serving 127.0.0.1:50182: template: index.html:9: unexpected "{" in command
goroutine 44 [running]:
net/http.(*conn).serve.func1()
	/usr/local/Cellar/go/1.17.2/libexec/src/net/http/server.go:1801 +0xb9
panic({0x4446ca0, 0xc0001b2750})
	/usr/local/Cellar/go/1.17.2/libexec/src/runtime/panic.go:1047 +0x266
text/template.Must(...)
	/usr/local/Cellar/go/1.17.2/libexec/src/text/template/helper.go:25
main/app/controllers.generateHTML({0x4515058, 0xc0001d00e0}, {0x4483940, 0xc000192a80}, {0xc0001dd888, 0x3, 0x0})
	/Users/at/go/src/todo_app/app/controllers/server.go:17 +0xf9
main/app/controllers.index({0x4515058, 0xc0001d00e0}, 0x0)
	/Users/at/go/src/todo_app/app/controllers/route_main.go:29 +0x448
net/http.HandlerFunc.ServeHTTP(0x0, {0x4515058, 0xc0001d00e0}, 0x0)
	/usr/local/Cellar/go/1.17.2/libexec/src/net/http/server.go:2046 +0x2f
net/http.(*ServeMux).ServeHTTP(0x0, {0x4515058, 0xc0001d00e0}, 0xc0001b8700)
	/usr/local/Cellar/go/1.17.2/libexec/src/net/http/server.go:2424 +0x149
net/http.serverHandler.ServeHTTP({0xc000194f30}, {0x4515058, 0xc0001d00e0}, 0xc0001b8700)
	/usr/local/Cellar/go/1.17.2/libexec/src/net/http/server.go:2878 +0x43b
net/http.(*conn).serve(0xc0001983c0, {0x45168a0, 0xc00007f470})
	/usr/local/Cellar/go/1.17.2/libexec/src/net/http/server.go:1929 +0xb08
created by net/http.(*Server).Serve
	/usr/local/Cellar/go/1.17.2/libexec/src/net/http/server.go:3033 +0x4e8
2022/02/23 09:49:38 route_main.go:28: test
2022/02/23 09:49:38 server.go:3159: http: panic serving 127.0.0.1:50195: template: index.html:9: unexpected "{" in command
goroutine 111 [running]:
net/http.(*conn).serve.func1()
	/usr/local/Cellar/go/1.17.2/libexec/src/net/http/server.go:1801 +0xb9
panic({0x4446ca0, 0xc0001b2ad0})
	/usr/local/Cellar/go/1.17.2/libexec/src/runtime/panic.go:1047 +0x266
text/template.Must(...)
	/usr/local/Cellar/go/1.17.2/libexec/src/text/template/helper.go:25
main/app/controllers.generateHTML({0x4515058, 0xc0001d01c0}, {0x4483940, 0xc000192f80}, {0xc0001dd888, 0x3, 0x0})
	/Users/at/go/src/todo_app/app/controllers/server.go:17 +0xf9
main/app/controllers.index({0x4515058, 0xc0001d01c0}, 0x0)
	/Users/at/go/src/todo_app/app/controllers/route_main.go:29 +0x448
net/http.HandlerFunc.ServeHTTP(0x0, {0x4515058, 0xc0001d01c0}, 0x0)
	/usr/local/Cellar/go/1.17.2/libexec/src/net/http/server.go:2046 +0x2f
net/http.(*ServeMux).ServeHTTP(0x0, {0x4515058, 0xc0001d01c0}, 0xc000122a00)
	/usr/local/Cellar/go/1.17.2/libexec/src/net/http/server.go:2424 +0x149
net/http.serverHandler.ServeHTTP({0xc0003e6c00}, {0x4515058, 0xc0001d01c0}, 0xc000122a00)
	/usr/local/Cellar/go/1.17.2/libexec/src/net/http/server.go:2878 +0x43b
net/http.(*conn).serve(0xc00010f360, {0x45168a0, 0xc00007f470})
	/usr/local/Cellar/go/1.17.2/libexec/src/net/http/server.go:1929 +0xb08
created by net/http.(*Server).Serve
	/usr/local/Cellar/go/1.17.2/libexec/src/net/http/server.go:3033 +0x4e8
2022/02/23 09:49:38 route_main.go:28: test
2022/02/23 09:49:38 server.go:3159: http: panic serving 127.0.0.1:50196: template: index.html:9: unexpected "{" in command
goroutine 112 [running]:
net/http.(*conn).serve.func1()
	/usr/local/Cellar/go/1.17.2/libexec/src/net/http/server.go:1801 +0xb9
panic({0x4446ca0, 0xc000249c70})
	/usr/local/Cellar/go/1.17.2/libexec/src/runtime/panic.go:1047 +0x266
text/template.Must(...)
	/usr/local/Cellar/go/1.17.2/libexec/src/text/template/helper.go:25
main/app/controllers.generateHTML({0x4515058, 0xc000158a80}, {0x4483940, 0xc000275c80}, {0xc000111888, 0x3, 0x0})
	/Users/at/go/src/todo_app/app/controllers/server.go:17 +0xf9
main/app/controllers.index({0x4515058, 0xc000158a80}, 0x0)
	/Users/at/go/src/todo_app/app/controllers/route_main.go:29 +0x448
net/http.HandlerFunc.ServeHTTP(0x0, {0x4515058, 0xc000158a80}, 0x0)
	/usr/local/Cellar/go/1.17.2/libexec/src/net/http/server.go:2046 +0x2f
net/http.(*ServeMux).ServeHTTP(0x0, {0x4515058, 0xc000158a80}, 0xc000122900)
	/usr/local/Cellar/go/1.17.2/libexec/src/net/http/server.go:2424 +0x149
net/http.serverHandler.ServeHTTP({0xc0003e6ba0}, {0x4515058, 0xc000158a80}, 0xc000122900)
	/usr/local/Cellar/go/1.17.2/libexec/src/net/http/server.go:2878 +0x43b
net/http.(*conn).serve(0xc00010f400, {0x45168a0, 0xc00007f470})
	/usr/local/Cellar/go/1.17.2/libexec/src/net/http/server.go:1929 +0xb08
created by net/http.(*Server).Serve
	/usr/local/Cellar/go/1.17.2/libexec/src/net/http/server.go:3033 +0x4e8
2022/02/23 09:49:38 route_main.go:28: test
2022/02/23 09:49:38 server.go:3159: http: panic serving 127.0.0.1:50198: template: index.html:9: unexpected "{" in command
goroutine 133 [running]:
net/http.(*conn).serve.func1()
	/usr/local/Cellar/go/1.17.2/libexec/src/net/http/server.go:1801 +0xb9
panic({0x4446ca0, 0xc000249ff0})
	/usr/local/Cellar/go/1.17.2/libexec/src/runtime/panic.go:1047 +0x266
text/template.Must(...)
	/usr/local/Cellar/go/1.17.2/libexec/src/text/template/helper.go:25
main/app/controllers.generateHTML({0x4515058, 0xc000158b60}, {0x4483940, 0xc000492100}, {0xc000111888, 0x3, 0x0})
	/Users/at/go/src/todo_app/app/controllers/server.go:17 +0xf9
main/app/controllers.index({0x4515058, 0xc000158b60}, 0x0)
	/Users/at/go/src/todo_app/app/controllers/route_main.go:29 +0x448
net/http.HandlerFunc.ServeHTTP(0x0, {0x4515058, 0xc000158b60}, 0x0)
	/usr/local/Cellar/go/1.17.2/libexec/src/net/http/server.go:2046 +0x2f
net/http.(*ServeMux).ServeHTTP(0x0, {0x4515058, 0xc000158b60}, 0xc0001b8800)
	/usr/local/Cellar/go/1.17.2/libexec/src/net/http/server.go:2424 +0x149
net/http.serverHandler.ServeHTTP({0xc0004223c0}, {0x4515058, 0xc000158b60}, 0xc0001b8800)
	/usr/local/Cellar/go/1.17.2/libexec/src/net/http/server.go:2878 +0x43b
net/http.(*conn).serve(0xc000198460, {0x45168a0, 0xc00007f470})
	/usr/local/Cellar/go/1.17.2/libexec/src/net/http/server.go:1929 +0xb08
created by net/http.(*Server).Serve
	/usr/local/Cellar/go/1.17.2/libexec/src/net/http/server.go:3033 +0x4e8
2022/02/23 09:49:39 route_main.go:28: test
2022/02/23 09:49:39 server.go:3159: http: panic serving 127.0.0.1:50204: template: index.html:9: unexpected "{" in command
goroutine 134 [running]:
net/http.(*conn).serve.func1()
	/usr/local/Cellar/go/1.17.2/libexec/src/net/http/server.go:1801 +0xb9
panic({0x4446ca0, 0xc0001b2e80})
	/usr/local/Cellar/go/1.17.2/libexec/src/runtime/panic.go:1047 +0x266
text/template.Must(...)
	/usr/local/Cellar/go/1.17.2/libexec/src/text/template/helper.go:25
main/app/controllers.generateHTML({0x4515058, 0xc0001d02a0}, {0x4483940, 0xc000193680}, {0xc0001dd888, 0x3, 0x0})
	/Users/at/go/src/todo_app/app/controllers/server.go:17 +0xf9
main/app/controllers.index({0x4515058, 0xc0001d02a0}, 0x0)
	/Users/at/go/src/todo_app/app/controllers/route_main.go:29 +0x448
net/http.HandlerFunc.ServeHTTP(0x0, {0x4515058, 0xc0001d02a0}, 0x0)
	/usr/local/Cellar/go/1.17.2/libexec/src/net/http/server.go:2046 +0x2f
net/http.(*ServeMux).ServeHTTP(0x0, {0x4515058, 0xc0001d02a0}, 0xc0001b8900)
	/usr/local/Cellar/go/1.17.2/libexec/src/net/http/server.go:2424 +0x149
net/http.serverHandler.ServeHTTP({0xc000422480}, {0x4515058, 0xc0001d02a0}, 0xc0001b8900)
	/usr/local/Cellar/go/1.17.2/libexec/src/net/http/server.go:2878 +0x43b
net/http.(*conn).serve(0xc000198500, {0x45168a0, 0xc00007f470})
	/usr/local/Cellar/go/1.17.2/libexec/src/net/http/server.go:1929 +0xb08
created by net/http.(*Server).Serve
	/usr/local/Cellar/go/1.17.2/libexec/src/net/http/server.go:3033 +0x4e8
2022/02/23 09:49:39 route_main.go:28: test
2022/02/23 09:49:39 server.go:3159: http: panic serving 127.0.0.1:50206: template: index.html:9: unexpected "{" in command
goroutine 135 [running]:
net/http.(*conn).serve.func1()
	/usr/local/Cellar/go/1.17.2/libexec/src/net/http/server.go:1801 +0xb9
panic({0x4446ca0, 0xc0000abee0})
	/usr/local/Cellar/go/1.17.2/libexec/src/runtime/panic.go:1047 +0x266
text/template.Must(...)
	/usr/local/Cellar/go/1.17.2/libexec/src/text/template/helper.go:25
main/app/controllers.generateHTML({0x4515058, 0xc0000ae7e0}, {0x4483940, 0xc000362b00}, {0xc000113888, 0x3, 0x0})
	/Users/at/go/src/todo_app/app/controllers/server.go:17 +0xf9
main/app/controllers.index({0x4515058, 0xc0000ae7e0}, 0x0)
	/Users/at/go/src/todo_app/app/controllers/route_main.go:29 +0x448
net/http.HandlerFunc.ServeHTTP(0x0, {0x4515058, 0xc0000ae7e0}, 0x0)
	/usr/local/Cellar/go/1.17.2/libexec/src/net/http/server.go:2046 +0x2f
net/http.(*ServeMux).ServeHTTP(0x0, {0x4515058, 0xc0000ae7e0}, 0xc0001b8a00)
	/usr/local/Cellar/go/1.17.2/libexec/src/net/http/server.go:2424 +0x149
net/http.serverHandler.ServeHTTP({0xc000422540}, {0x4515058, 0xc0000ae7e0}, 0xc0001b8a00)
	/usr/local/Cellar/go/1.17.2/libexec/src/net/http/server.go:2878 +0x43b
net/http.(*conn).serve(0xc0001985a0, {0x45168a0, 0xc00007f470})
	/usr/local/Cellar/go/1.17.2/libexec/src/net/http/server.go:1929 +0xb08
created by net/http.(*Server).Serve
	/usr/local/Cellar/go/1.17.2/libexec/src/net/http/server.go:3033 +0x4e8
2022/02/23 09:49:39 route_main.go:28: test
2022/02/23 09:49:39 server.go:3159: http: panic serving 127.0.0.1:50208: template: index.html:9: unexpected "{" in command
goroutine 140 [running]:
net/http.(*conn).serve.func1()
	/usr/local/Cellar/go/1.17.2/libexec/src/net/http/server.go:1801 +0xb9
panic({0x4446ca0, 0xc0001b3210})
	/usr/local/Cellar/go/1.17.2/libexec/src/runtime/panic.go:1047 +0x266
text/template.Must(...)
	/usr/local/Cellar/go/1.17.2/libexec/src/text/template/helper.go:25
main/app/controllers.generateHTML({0x4515058, 0xc0001d0380}, {0x4483940, 0xc000193b80}, {0xc0001dd888, 0x3, 0x0})
	/Users/at/go/src/todo_app/app/controllers/server.go:17 +0xf9
main/app/controllers.index({0x4515058, 0xc0001d0380}, 0x0)
	/Users/at/go/src/todo_app/app/controllers/route_main.go:29 +0x448
net/http.HandlerFunc.ServeHTTP(0x0, {0x4515058, 0xc0001d0380}, 0x0)
	/usr/local/Cellar/go/1.17.2/libexec/src/net/http/server.go:2046 +0x2f
net/http.(*ServeMux).ServeHTTP(0x0, {0x4515058, 0xc0001d0380}, 0xc0001b8b00)
	/usr/local/Cellar/go/1.17.2/libexec/src/net/http/server.go:2424 +0x149
net/http.serverHandler.ServeHTTP({0xc000422f90}, {0x4515058, 0xc0001d0380}, 0xc0001b8b00)
	/usr/local/Cellar/go/1.17.2/libexec/src/net/http/server.go:2878 +0x43b
net/http.(*conn).serve(0xc000198640, {0x45168a0, 0xc00007f470})
	/usr/local/Cellar/go/1.17.2/libexec/src/net/http/server.go:1929 +0xb08
created by net/http.(*Server).Serve
	/usr/local/Cellar/go/1.17.2/libexec/src/net/http/server.go:3033 +0x4e8
2022/02/23 09:50:00 route_main.go:28: test
2022/02/23 09:50:00 server.go:3159: http: panic serving 127.0.0.1:50295: template: index.html:12: unexpected "{" in command
goroutine 124 [running]:
net/http.(*conn).serve.func1()
	/usr/local/Cellar/go/1.17.2/libexec/src/net/http/server.go:1801 +0xb9
panic({0x4446ca0, 0xc0001b35e0})
	/usr/local/Cellar/go/1.17.2/libexec/src/runtime/panic.go:1047 +0x266
text/template.Must(...)
	/usr/local/Cellar/go/1.17.2/libexec/src/text/template/helper.go:25
main/app/controllers.generateHTML({0x4515058, 0xc0001d0460}, {0x4483940, 0xc000460000}, {0xc0001dd888, 0x3, 0x0})
	/Users/at/go/src/todo_app/app/controllers/server.go:17 +0xf9
main/app/controllers.index({0x4515058, 0xc0001d0460}, 0x0)
	/Users/at/go/src/todo_app/app/controllers/route_main.go:29 +0x448
net/http.HandlerFunc.ServeHTTP(0x0, {0x4515058, 0xc0001d0460}, 0x0)
	/usr/local/Cellar/go/1.17.2/libexec/src/net/http/server.go:2046 +0x2f
net/http.(*ServeMux).ServeHTTP(0x0, {0x4515058, 0xc0001d0460}, 0xc0001b8c00)
	/usr/local/Cellar/go/1.17.2/libexec/src/net/http/server.go:2424 +0x149
net/http.serverHandler.ServeHTTP({0xc000423980}, {0x4515058, 0xc0001d0460}, 0xc0001b8c00)
	/usr/local/Cellar/go/1.17.2/libexec/src/net/http/server.go:2878 +0x43b
net/http.(*conn).serve(0xc0000f2460, {0x45168a0, 0xc00007f470})
	/usr/local/Cellar/go/1.17.2/libexec/src/net/http/server.go:1929 +0xb08
created by net/http.(*Server).Serve
	/usr/local/Cellar/go/1.17.2/libexec/src/net/http/server.go:3033 +0x4e8
2022/02/23 09:50:00 route_main.go:28: test
2022/02/23 09:50:00 server.go:3159: http: panic serving 127.0.0.1:50296: template: index.html:12: unexpected "{" in command
goroutine 125 [running]:
net/http.(*conn).serve.func1()
	/usr/local/Cellar/go/1.17.2/libexec/src/net/http/server.go:1801 +0xb9
panic({0x4446ca0, 0xc0005162b0})
	/usr/local/Cellar/go/1.17.2/libexec/src/runtime/panic.go:1047 +0x266
text/template.Must(...)
	/usr/local/Cellar/go/1.17.2/libexec/src/text/template/helper.go:25
main/app/controllers.generateHTML({0x4515058, 0xc0000ae8c0}, {0x4483940, 0xc000363080}, {0xc000113888, 0x3, 0x0})
	/Users/at/go/src/todo_app/app/controllers/server.go:17 +0xf9
main/app/controllers.index({0x4515058, 0xc0000ae8c0}, 0x0)
	/Users/at/go/src/todo_app/app/controllers/route_main.go:29 +0x448
net/http.HandlerFunc.ServeHTTP(0x0, {0x4515058, 0xc0000ae8c0}, 0x0)
	/usr/local/Cellar/go/1.17.2/libexec/src/net/http/server.go:2046 +0x2f
net/http.(*ServeMux).ServeHTTP(0x0, {0x4515058, 0xc0000ae8c0}, 0xc0000f4700)
	/usr/local/Cellar/go/1.17.2/libexec/src/net/http/server.go:2424 +0x149
net/http.serverHandler.ServeHTTP({0xc0003658f0}, {0x4515058, 0xc0000ae8c0}, 0xc0000f4700)
	/usr/local/Cellar/go/1.17.2/libexec/src/net/http/server.go:2878 +0x43b
net/http.(*conn).serve(0xc0000f2500, {0x45168a0, 0xc00007f470})
	/usr/local/Cellar/go/1.17.2/libexec/src/net/http/server.go:1929 +0xb08
created by net/http.(*Server).Serve
	/usr/local/Cellar/go/1.17.2/libexec/src/net/http/server.go:3033 +0x4e8
2022/02/23 09:50:00 route_main.go:28: test
2022/02/23 09:50:00 server.go:3159: http: panic serving 127.0.0.1:50298: template: index.html:12: unexpected "{" in command
goroutine 165 [running]:
net/http.(*conn).serve.func1()
	/usr/local/Cellar/go/1.17.2/libexec/src/net/http/server.go:1801 +0xb9
panic({0x4446ca0, 0xc000516670})
	/usr/local/Cellar/go/1.17.2/libexec/src/runtime/panic.go:1047 +0x266
text/template.Must(...)
	/usr/local/Cellar/go/1.17.2/libexec/src/text/template/helper.go:25
main/app/controllers.generateHTML({0x4515058, 0xc0000ae9a0}, {0x4483940, 0xc000363580}, {0xc000113888, 0x3, 0x0})
	/Users/at/go/src/todo_app/app/controllers/server.go:17 +0xf9
main/app/controllers.index({0x4515058, 0xc0000ae9a0}, 0x0)
	/Users/at/go/src/todo_app/app/controllers/route_main.go:29 +0x448
net/http.HandlerFunc.ServeHTTP(0x0, {0x4515058, 0xc0000ae9a0}, 0x0)
	/usr/local/Cellar/go/1.17.2/libexec/src/net/http/server.go:2046 +0x2f
net/http.(*ServeMux).ServeHTTP(0x0, {0x4515058, 0xc0000ae9a0}, 0xc0001b8d00)
	/usr/local/Cellar/go/1.17.2/libexec/src/net/http/server.go:2424 +0x149
net/http.serverHandler.ServeHTTP({0xc000462570}, {0x4515058, 0xc0000ae9a0}, 0xc0001b8d00)
	/usr/local/Cellar/go/1.17.2/libexec/src/net/http/server.go:2878 +0x43b
net/http.(*conn).serve(0xc0001986e0, {0x45168a0, 0xc00007f470})
	/usr/local/Cellar/go/1.17.2/libexec/src/net/http/server.go:1929 +0xb08
created by net/http.(*Server).Serve
	/usr/local/Cellar/go/1.17.2/libexec/src/net/http/server.go:3033 +0x4e8
2022/02/23 09:50:01 route_main.go:28: test
2022/02/23 09:50:01 server.go:3159: http: panic serving 127.0.0.1:50305: template: index.html:12: unexpected "{" in command
goroutine 153 [running]:
net/http.(*conn).serve.func1()
	/usr/local/Cellar/go/1.17.2/libexec/src/net/http/server.go:1801 +0xb9
panic({0x4446ca0, 0xc0001b37d0})
	/usr/local/Cellar/go/1.17.2/libexec/src/runtime/panic.go:1047 +0x266
text/template.Must(...)
	/usr/local/Cellar/go/1.17.2/libexec/src/text/template/helper.go:25
main/app/controllers.generateHTML({0x4515058, 0xc000158c40}, {0x4483940, 0xc000492680}, {0xc000111888, 0x3, 0x0})
	/Users/at/go/src/todo_app/app/controllers/server.go:17 +0xf9
main/app/controllers.index({0x4515058, 0xc000158c40}, 0x0)
	/Users/at/go/src/todo_app/app/controllers/route_main.go:29 +0x448
net/http.HandlerFunc.ServeHTTP(0x0, {0x4515058, 0xc000158c40}, 0x0)
	/usr/local/Cellar/go/1.17.2/libexec/src/net/http/server.go:2046 +0x2f
net/http.(*ServeMux).ServeHTTP(0x0, {0x4515058, 0xc000158c40}, 0xc000122b00)
	/usr/local/Cellar/go/1.17.2/libexec/src/net/http/server.go:2424 +0x149
net/http.serverHandler.ServeHTTP({0xc0004ae000}, {0x4515058, 0xc000158c40}, 0xc000122b00)
	/usr/local/Cellar/go/1.17.2/libexec/src/net/http/server.go:2878 +0x43b
net/http.(*conn).serve(0xc00010f4a0, {0x45168a0, 0xc00007f470})
	/usr/local/Cellar/go/1.17.2/libexec/src/net/http/server.go:1929 +0xb08
created by net/http.(*Server).Serve
	/usr/local/Cellar/go/1.17.2/libexec/src/net/http/server.go:3033 +0x4e8
2022/02/23 09:50:01 route_main.go:28: test
2022/02/23 09:50:01 server.go:3159: http: panic serving 127.0.0.1:50306: template: index.html:12: unexpected "{" in command
goroutine 154 [running]:
net/http.(*conn).serve.func1()
	/usr/local/Cellar/go/1.17.2/libexec/src/net/http/server.go:1801 +0xb9
panic({0x4446ca0, 0xc000516120})
	/usr/local/Cellar/go/1.17.2/libexec/src/runtime/panic.go:1047 +0x266
text/template.Must(...)
	/usr/local/Cellar/go/1.17.2/libexec/src/text/template/helper.go:25
main/app/controllers.generateHTML({0x4515058, 0xc000158d20}, {0x4483940, 0xc000492980}, {0xc000111888, 0x3, 0x0})
	/Users/at/go/src/todo_app/app/controllers/server.go:17 +0xf9
main/app/controllers.index({0x4515058, 0xc000158d20}, 0x0)
	/Users/at/go/src/todo_app/app/controllers/route_main.go:29 +0x448
net/http.HandlerFunc.ServeHTTP(0x0, {0x4515058, 0xc000158d20}, 0x0)
	/usr/local/Cellar/go/1.17.2/libexec/src/net/http/server.go:2046 +0x2f
net/http.(*ServeMux).ServeHTTP(0x0, {0x4515058, 0xc000158d20}, 0xc000122c00)
	/usr/local/Cellar/go/1.17.2/libexec/src/net/http/server.go:2424 +0x149
net/http.serverHandler.ServeHTTP({0xc0004ae0c0}, {0x4515058, 0xc000158d20}, 0xc000122c00)
	/usr/local/Cellar/go/1.17.2/libexec/src/net/http/server.go:2878 +0x43b
net/http.(*conn).serve(0xc00010f540, {0x45168a0, 0xc00007f470})
	/usr/local/Cellar/go/1.17.2/libexec/src/net/http/server.go:1929 +0xb08
created by net/http.(*Server).Serve
	/usr/local/Cellar/go/1.17.2/libexec/src/net/http/server.go:3033 +0x4e8
2022/02/23 09:50:01 route_main.go:28: test
2022/02/23 09:50:01 server.go:3159: http: panic serving 127.0.0.1:50308: template: index.html:12: unexpected "{" in command
goroutine 210 [running]:
net/http.(*conn).serve.func1()
	/usr/local/Cellar/go/1.17.2/libexec/src/net/http/server.go:1801 +0xb9
panic({0x4446ca0, 0xc0004ac0c0})
	/usr/local/Cellar/go/1.17.2/libexec/src/runtime/panic.go:1047 +0x266
text/template.Must(...)
	/usr/local/Cellar/go/1.17.2/libexec/src/text/template/helper.go:25
main/app/controllers.generateHTML({0x4515058, 0xc0001580e0}, {0x4483940, 0xc000460280}, {0xc000111888, 0x3, 0x0})
	/Users/at/go/src/todo_app/app/controllers/server.go:17 +0xf9
main/app/controllers.index({0x4515058, 0xc0001580e0}, 0x0)
	/Users/at/go/src/todo_app/app/controllers/route_main.go:29 +0x448
net/http.HandlerFunc.ServeHTTP(0x0, {0x4515058, 0xc0001580e0}, 0x0)
	/usr/local/Cellar/go/1.17.2/libexec/src/net/http/server.go:2046 +0x2f
net/http.(*ServeMux).ServeHTTP(0x0, {0x4515058, 0xc0001580e0}, 0xc0001b8000)
	/usr/local/Cellar/go/1.17.2/libexec/src/net/http/server.go:2424 +0x149
net/http.serverHandler.ServeHTTP({0xc0004ae150}, {0x4515058, 0xc0001580e0}, 0xc0001b8000)
	/usr/local/Cellar/go/1.17.2/libexec/src/net/http/server.go:2878 +0x43b
net/http.(*conn).serve(0xc00010e0a0, {0x45168a0, 0xc00007f470})
	/usr/local/Cellar/go/1.17.2/libexec/src/net/http/server.go:1929 +0xb08
created by net/http.(*Server).Serve
	/usr/local/Cellar/go/1.17.2/libexec/src/net/http/server.go:3033 +0x4e8
2022/02/23 09:50:31 route_main.go:28: test
2022/02/23 09:50:31 server.go:3159: http: panic serving 127.0.0.1:50433: template: index.html:12: unexpected "{" in command
goroutine 172 [running]:
net/http.(*conn).serve.func1()
	/usr/local/Cellar/go/1.17.2/libexec/src/net/http/server.go:1801 +0xb9
panic({0x4446ca0, 0xc0004ac4d0})
	/usr/local/Cellar/go/1.17.2/libexec/src/runtime/panic.go:1047 +0x266
text/template.Must(...)
	/usr/local/Cellar/go/1.17.2/libexec/src/text/template/helper.go:25
main/app/controllers.generateHTML({0x4515058, 0xc000578000}, {0x4483940, 0xc000492300}, {0xc00016b888, 0x3, 0x0})
	/Users/at/go/src/todo_app/app/controllers/server.go:17 +0xf9
main/app/controllers.index({0x4515058, 0xc000578000}, 0x0)
	/Users/at/go/src/todo_app/app/controllers/route_main.go:29 +0x448
net/http.HandlerFunc.ServeHTTP(0x0, {0x4515058, 0xc000578000}, 0x0)
	/usr/local/Cellar/go/1.17.2/libexec/src/net/http/server.go:2046 +0x2f
net/http.(*ServeMux).ServeHTTP(0x0, {0x4515058, 0xc000578000}, 0xc000122000)
	/usr/local/Cellar/go/1.17.2/libexec/src/net/http/server.go:2424 +0x149
net/http.serverHandler.ServeHTTP({0xc00007f200}, {0x4515058, 0xc000578000}, 0xc000122000)
	/usr/local/Cellar/go/1.17.2/libexec/src/net/http/server.go:2878 +0x43b
net/http.(*conn).serve(0xc000092000, {0x45168a0, 0xc00007f470})
	/usr/local/Cellar/go/1.17.2/libexec/src/net/http/server.go:1929 +0xb08
created by net/http.(*Server).Serve
	/usr/local/Cellar/go/1.17.2/libexec/src/net/http/server.go:3033 +0x4e8
2022/02/23 09:50:31 route_main.go:28: test
2022/02/23 09:50:31 server.go:3159: http: panic serving 127.0.0.1:50434: template: index.html:12: unexpected "{" in command
goroutine 173 [running]:
net/http.(*conn).serve.func1()
	/usr/local/Cellar/go/1.17.2/libexec/src/net/http/server.go:1801 +0xb9
panic({0x4446ca0, 0xc000013200})
	/usr/local/Cellar/go/1.17.2/libexec/src/runtime/panic.go:1047 +0x266
text/template.Must(...)
	/usr/local/Cellar/go/1.17.2/libexec/src/text/template/helper.go:25
main/app/controllers.generateHTML({0x4515058, 0xc0004ca000}, {0x4483940, 0xc00015a280}, {0xc000167888, 0x3, 0x0})
	/Users/at/go/src/todo_app/app/controllers/server.go:17 +0xf9
main/app/controllers.index({0x4515058, 0xc0004ca000}, 0x0)
	/Users/at/go/src/todo_app/app/controllers/route_main.go:29 +0x448
net/http.HandlerFunc.ServeHTTP(0x0, {0x4515058, 0xc0004ca000}, 0x0)
	/usr/local/Cellar/go/1.17.2/libexec/src/net/http/server.go:2046 +0x2f
net/http.(*ServeMux).ServeHTTP(0x0, {0x4515058, 0xc0004ca000}, 0xc000094000)
	/usr/local/Cellar/go/1.17.2/libexec/src/net/http/server.go:2424 +0x149
net/http.serverHandler.ServeHTTP({0xc0004625a0}, {0x4515058, 0xc0004ca000}, 0xc000094000)
	/usr/local/Cellar/go/1.17.2/libexec/src/net/http/server.go:2878 +0x43b
net/http.(*conn).serve(0xc0000920a0, {0x45168a0, 0xc00007f470})
	/usr/local/Cellar/go/1.17.2/libexec/src/net/http/server.go:1929 +0xb08
created by net/http.(*Server).Serve
	/usr/local/Cellar/go/1.17.2/libexec/src/net/http/server.go:3033 +0x4e8
2022/02/23 09:50:31 route_main.go:28: test
2022/02/23 09:50:31 server.go:3159: http: panic serving 127.0.0.1:50436: template: index.html:12: unexpected "{" in command
goroutine 188 [running]:
net/http.(*conn).serve.func1()
	/usr/local/Cellar/go/1.17.2/libexec/src/net/http/server.go:1801 +0xb9
panic({0x4446ca0, 0xc0000135c0})
	/usr/local/Cellar/go/1.17.2/libexec/src/runtime/panic.go:1047 +0x266
text/template.Must(...)
	/usr/local/Cellar/go/1.17.2/libexec/src/text/template/helper.go:25
main/app/controllers.generateHTML({0x4515058, 0xc0004ca0e0}, {0x4483940, 0xc00015a980}, {0xc000167888, 0x3, 0x0})
	/Users/at/go/src/todo_app/app/controllers/server.go:17 +0xf9
main/app/controllers.index({0x4515058, 0xc0004ca0e0}, 0x0)
	/Users/at/go/src/todo_app/app/controllers/route_main.go:29 +0x448
net/http.HandlerFunc.ServeHTTP(0x0, {0x4515058, 0xc0004ca0e0}, 0x0)
	/usr/local/Cellar/go/1.17.2/libexec/src/net/http/server.go:2046 +0x2f
net/http.(*ServeMux).ServeHTTP(0x0, {0x4515058, 0xc0004ca0e0}, 0xc000122100)
	/usr/local/Cellar/go/1.17.2/libexec/src/net/http/server.go:2424 +0x149
net/http.serverHandler.ServeHTTP({0xc000098000}, {0x4515058, 0xc0004ca0e0}, 0xc000122100)
	/usr/local/Cellar/go/1.17.2/libexec/src/net/http/server.go:2878 +0x43b
net/http.(*conn).serve(0xc0000b2000, {0x45168a0, 0xc00007f470})
	/usr/local/Cellar/go/1.17.2/libexec/src/net/http/server.go:1929 +0xb08
created by net/http.(*Server).Serve
	/usr/local/Cellar/go/1.17.2/libexec/src/net/http/server.go:3033 +0x4e8
2022/02/23 09:50:39 route_main.go:28: test
2022/02/23 09:50:39 server.go:3159: http: panic serving 127.0.0.1:50471: template: index.html:12: unexpected "{" in command
goroutine 189 [running]:
net/http.(*conn).serve.func1()
	/usr/local/Cellar/go/1.17.2/libexec/src/net/http/server.go:1801 +0xb9
panic({0x4446ca0, 0xc000013980})
	/usr/local/Cellar/go/1.17.2/libexec/src/runtime/panic.go:1047 +0x266
text/template.Must(...)
	/usr/local/Cellar/go/1.17.2/libexec/src/text/template/helper.go:25
main/app/controllers.generateHTML({0x4515058, 0xc0004ca1c0}, {0x4483940, 0xc00015b080}, {0xc000167888, 0x3, 0x0})
	/Users/at/go/src/todo_app/app/controllers/server.go:17 +0xf9
main/app/controllers.index({0x4515058, 0xc0004ca1c0}, 0x0)
	/Users/at/go/src/todo_app/app/controllers/route_main.go:29 +0x448
net/http.HandlerFunc.ServeHTTP(0x0, {0x4515058, 0xc0004ca1c0}, 0x0)
	/usr/local/Cellar/go/1.17.2/libexec/src/net/http/server.go:2046 +0x2f
net/http.(*ServeMux).ServeHTTP(0x0, {0x4515058, 0xc0004ca1c0}, 0xc000122300)
	/usr/local/Cellar/go/1.17.2/libexec/src/net/http/server.go:2424 +0x149
net/http.serverHandler.ServeHTTP({0xc000098180}, {0x4515058, 0xc0004ca1c0}, 0xc000122300)
	/usr/local/Cellar/go/1.17.2/libexec/src/net/http/server.go:2878 +0x43b
net/http.(*conn).serve(0xc0000b20a0, {0x45168a0, 0xc00007f470})
	/usr/local/Cellar/go/1.17.2/libexec/src/net/http/server.go:1929 +0xb08
created by net/http.(*Server).Serve
	/usr/local/Cellar/go/1.17.2/libexec/src/net/http/server.go:3033 +0x4e8
2022/02/23 09:50:39 route_main.go:28: test
2022/02/23 09:50:39 server.go:3159: http: panic serving 127.0.0.1:50472: template: index.html:12: unexpected "{" in command
goroutine 190 [running]:
net/http.(*conn).serve.func1()
	/usr/local/Cellar/go/1.17.2/libexec/src/net/http/server.go:1801 +0xb9
panic({0x4446ca0, 0xc0004ac8c0})
	/usr/local/Cellar/go/1.17.2/libexec/src/runtime/panic.go:1047 +0x266
text/template.Must(...)
	/usr/local/Cellar/go/1.17.2/libexec/src/text/template/helper.go:25
main/app/controllers.generateHTML({0x4515058, 0xc0005780e0}, {0x4483940, 0xc000492b00}, {0xc00016b888, 0x3, 0x0})
	/Users/at/go/src/todo_app/app/controllers/server.go:17 +0xf9
main/app/controllers.index({0x4515058, 0xc0005780e0}, 0x0)
	/Users/at/go/src/todo_app/app/controllers/route_main.go:29 +0x448
net/http.HandlerFunc.ServeHTTP(0x0, {0x4515058, 0xc0005780e0}, 0x0)
	/usr/local/Cellar/go/1.17.2/libexec/src/net/http/server.go:2046 +0x2f
net/http.(*ServeMux).ServeHTTP(0x0, {0x4515058, 0xc0005780e0}, 0xc000122200)
	/usr/local/Cellar/go/1.17.2/libexec/src/net/http/server.go:2424 +0x149
net/http.serverHandler.ServeHTTP({0xc000098120}, {0x4515058, 0xc0005780e0}, 0xc000122200)
	/usr/local/Cellar/go/1.17.2/libexec/src/net/http/server.go:2878 +0x43b
net/http.(*conn).serve(0xc0000b2140, {0x45168a0, 0xc00007f470})
	/usr/local/Cellar/go/1.17.2/libexec/src/net/http/server.go:1929 +0xb08
created by net/http.(*Server).Serve
	/usr/local/Cellar/go/1.17.2/libexec/src/net/http/server.go:3033 +0x4e8
2022/02/23 09:50:39 route_main.go:28: test
2022/02/23 09:50:39 server.go:3159: http: panic serving 127.0.0.1:50474: template: index.html:12: unexpected "{" in command
goroutine 207 [running]:
net/http.(*conn).serve.func1()
	/usr/local/Cellar/go/1.17.2/libexec/src/net/http/server.go:1801 +0xb9
panic({0x4446ca0, 0xc0004acc80})
	/usr/local/Cellar/go/1.17.2/libexec/src/runtime/panic.go:1047 +0x266
text/template.Must(...)
	/usr/local/Cellar/go/1.17.2/libexec/src/text/template/helper.go:25
main/app/controllers.generateHTML({0x4515058, 0xc0005781c0}, {0x4483940, 0xc000493080}, {0xc00016b888, 0x3, 0x0})
	/Users/at/go/src/todo_app/app/controllers/server.go:17 +0xf9
main/app/controllers.index({0x4515058, 0xc0005781c0}, 0x0)
	/Users/at/go/src/todo_app/app/controllers/route_main.go:29 +0x448
net/http.HandlerFunc.ServeHTTP(0x0, {0x4515058, 0xc0005781c0}, 0x0)
	/usr/local/Cellar/go/1.17.2/libexec/src/net/http/server.go:2046 +0x2f
net/http.(*ServeMux).ServeHTTP(0x0, {0x4515058, 0xc0005781c0}, 0xc000126000)
	/usr/local/Cellar/go/1.17.2/libexec/src/net/http/server.go:2424 +0x149
net/http.serverHandler.ServeHTTP({0xc0001943c0}, {0x4515058, 0xc0005781c0}, 0xc000126000)
	/usr/local/Cellar/go/1.17.2/libexec/src/net/http/server.go:2878 +0x43b
net/http.(*conn).serve(0xc000102000, {0x45168a0, 0xc00007f470})
	/usr/local/Cellar/go/1.17.2/libexec/src/net/http/server.go:1929 +0xb08
created by net/http.(*Server).Serve
	/usr/local/Cellar/go/1.17.2/libexec/src/net/http/server.go:3033 +0x4e8
2022/02/23 09:50:39 route_main.go:28: test
2022/02/23 09:50:39 server.go:3159: http: panic serving 127.0.0.1:50477: template: index.html:12: unexpected "{" in command
goroutine 208 [running]:
net/http.(*conn).serve.func1()
	/usr/local/Cellar/go/1.17.2/libexec/src/net/http/server.go:1801 +0xb9
panic({0x4446ca0, 0xc0004ad040})
	/usr/local/Cellar/go/1.17.2/libexec/src/runtime/panic.go:1047 +0x266
text/template.Must(...)
	/usr/local/Cellar/go/1.17.2/libexec/src/text/template/helper.go:25
main/app/controllers.generateHTML({0x4515058, 0xc0005782a0}, {0x4483940, 0xc000493680}, {0xc00016b888, 0x3, 0x0})
	/Users/at/go/src/todo_app/app/controllers/server.go:17 +0xf9
main/app/controllers.index({0x4515058, 0xc0005782a0}, 0x0)
	/Users/at/go/src/todo_app/app/controllers/route_main.go:29 +0x448
net/http.HandlerFunc.ServeHTTP(0x0, {0x4515058, 0xc0005782a0}, 0x0)
	/usr/local/Cellar/go/1.17.2/libexec/src/net/http/server.go:2046 +0x2f
net/http.(*ServeMux).ServeHTTP(0x0, {0x4515058, 0xc0005782a0}, 0xc000126200)
	/usr/local/Cellar/go/1.17.2/libexec/src/net/http/server.go:2424 +0x149
net/http.serverHandler.ServeHTTP({0xc000194540}, {0x4515058, 0xc0005782a0}, 0xc000126200)
	/usr/local/Cellar/go/1.17.2/libexec/src/net/http/server.go:2878 +0x43b
net/http.(*conn).serve(0xc0001020a0, {0x45168a0, 0xc00007f470})
	/usr/local/Cellar/go/1.17.2/libexec/src/net/http/server.go:1929 +0xb08
created by net/http.(*Server).Serve
	/usr/local/Cellar/go/1.17.2/libexec/src/net/http/server.go:3033 +0x4e8
2022/02/23 09:50:39 route_main.go:28: test
2022/02/23 09:50:39 server.go:3159: http: panic serving 127.0.0.1:50478: template: index.html:12: unexpected "{" in command
goroutine 209 [running]:
net/http.(*conn).serve.func1()
	/usr/local/Cellar/go/1.17.2/libexec/src/net/http/server.go:1801 +0xb9
panic({0x4446ca0, 0xc000013d70})
	/usr/local/Cellar/go/1.17.2/libexec/src/runtime/panic.go:1047 +0x266
text/template.Must(...)
	/usr/local/Cellar/go/1.17.2/libexec/src/text/template/helper.go:25
main/app/controllers.generateHTML({0x4515058, 0xc0004ca2a0}, {0x4483940, 0xc00015b700}, {0xc000167888, 0x3, 0x0})
	/Users/at/go/src/todo_app/app/controllers/server.go:17 +0xf9
main/app/controllers.index({0x4515058, 0xc0004ca2a0}, 0x0)
	/Users/at/go/src/todo_app/app/controllers/route_main.go:29 +0x448
net/http.HandlerFunc.ServeHTTP(0x0, {0x4515058, 0xc0004ca2a0}, 0x0)
	/usr/local/Cellar/go/1.17.2/libexec/src/net/http/server.go:2046 +0x2f
net/http.(*ServeMux).ServeHTTP(0x0, {0x4515058, 0xc0004ca2a0}, 0xc000126100)
	/usr/local/Cellar/go/1.17.2/libexec/src/net/http/server.go:2424 +0x149
net/http.serverHandler.ServeHTTP({0xc0001944e0}, {0x4515058, 0xc0004ca2a0}, 0xc000126100)
	/usr/local/Cellar/go/1.17.2/libexec/src/net/http/server.go:2878 +0x43b
net/http.(*conn).serve(0xc000102140, {0x45168a0, 0xc00007f470})
	/usr/local/Cellar/go/1.17.2/libexec/src/net/http/server.go:1929 +0xb08
created by net/http.(*Server).Serve
	/usr/local/Cellar/go/1.17.2/libexec/src/net/http/server.go:3033 +0x4e8
2022/02/23 09:50:39 route_main.go:28: test
2022/02/23 09:50:39 server.go:3159: http: panic serving 127.0.0.1:50480: template: index.html:12: unexpected "{" in command
goroutine 235 [running]:
net/http.(*conn).serve.func1()
	/usr/local/Cellar/go/1.17.2/libexec/src/net/http/server.go:1801 +0xb9
panic({0x4446ca0, 0xc0004ad410})
	/usr/local/Cellar/go/1.17.2/libexec/src/runtime/panic.go:1047 +0x266
text/template.Must(...)
	/usr/local/Cellar/go/1.17.2/libexec/src/text/template/helper.go:25
main/app/controllers.generateHTML({0x4515058, 0xc000578380}, {0x4483940, 0xc000493c00}, {0xc00016b888, 0x3, 0x0})
	/Users/at/go/src/todo_app/app/controllers/server.go:17 +0xf9
main/app/controllers.index({0x4515058, 0xc000578380}, 0x0)
	/Users/at/go/src/todo_app/app/controllers/route_main.go:29 +0x448
net/http.HandlerFunc.ServeHTTP(0x0, {0x4515058, 0xc000578380}, 0x0)
	/usr/local/Cellar/go/1.17.2/libexec/src/net/http/server.go:2046 +0x2f
net/http.(*ServeMux).ServeHTTP(0x0, {0x4515058, 0xc000578380}, 0xc000122400)
	/usr/local/Cellar/go/1.17.2/libexec/src/net/http/server.go:2424 +0x149
net/http.serverHandler.ServeHTTP({0xc000422570}, {0x4515058, 0xc000578380}, 0xc000122400)
	/usr/local/Cellar/go/1.17.2/libexec/src/net/http/server.go:2878 +0x43b
net/http.(*conn).serve(0xc0000b21e0, {0x45168a0, 0xc00007f470})
	/usr/local/Cellar/go/1.17.2/libexec/src/net/http/server.go:1929 +0xb08
created by net/http.(*Server).Serve
	/usr/local/Cellar/go/1.17.2/libexec/src/net/http/server.go:3033 +0x4e8
2022/02/23 09:50:44 route_main.go:28: test
2022/02/23 09:50:45 route_main.go:28: test
2022/02/23 09:56:26 route_main.go:28: test
2022/02/23 09:56:27 route_main.go:28: test
2022/02/23 09:56:30 route_main.go:28: test
2022/02/23 09:56:30 route_main.go:28: test
2022/02/23 09:56:33 route_main.go:28: test
2022/02/23 09:56:35 route_main.go:28: test
2022/02/23 09:56:35 route_main.go:28: test
2022/02/23 10:10:28 route_main.go:28: test
2022/02/23 10:10:28 route_main.go:28: test
2022/02/23 10:10:29 route_main.go:28: test
2022/02/23 10:10:35 route_main.go:28: test
2022/02/23 10:10:36 route_main.go:28: test
2022/02/23 10:25:13 route_main.go:28: test
2022/02/23 10:25:13 route_main.go:28: test
2022/02/23 10:25:15 route_main.go:28: test
2022/02/23 10:25:15 route_main.go:28: test
2022/02/23 10:25:16 route_main.go:28: test
2022/02/23 10:25:16 route_main.go:28: test
